#
# A fatal error has been detected by the Java Runtime Environment:
#
#  EXCEPTION_ACCESS_VIOLATION (0xc0000005) at pc=0x00007fff3216bdfc, pid=21916, tid=12056
#
# JRE version: Java(TM) SE Runtime Environment (17.0.8+9) (build 17.0.8+9-LTS-211)
# Java VM: Java HotSpot(TM) 64-Bit Server VM (17.0.8+9-LTS-211, mixed mode, sharing, tiered, compressed oops, compressed class ptrs, g1 gc, windows-amd64)
# Problematic frame:
# V  [jvm.dll+0x60bdfc]
#
# No core dump will be written. Minidumps are not enabled by default on client versions of Windows
#
# If you would like to submit a bug report, please visit:
#   https://bugreport.java.com/bugreport/crash.jsp
#

---------------  S U M M A R Y ------------

Command Line: -ea -Didea.test.cyclic.buffer.size=1048576 -javaagent:C:\Program Files\JetBrains\IntelliJ IDEA Community Edition 2023.2.2\lib\idea_rt.jar=49845:C:\Program Files\JetBrains\IntelliJ IDEA Community Edition 2023.2.2\bin -Dfile.encoding=UTF-8 com.intellij.rt.junit.JUnitStarter -ideVersion5 -junit4 desktops.DesktopsTest,verifyProductAddedToShoppingCartSuccessFully

Host: 12th Gen Intel(R) Core(TM) i7-1255U, 12 cores, 15G,  Windows 11 , 64 bit Build 22621 (10.0.22621.2506)
Time: Mon Nov 27 19:07:43 2023 GMT Standard Time elapsed time: 1.861153 seconds (0d 0h 0m 1s)

---------------  T H R E A D  ---------------

Current thread (0x000002c31ab4fb60):  JavaThread "C2 CompilerThread0" daemon [_thread_in_native, id=12056, stack(0x000000e100e00000,0x000000e100f00000)]


Current CompileTask:
C2:   1861 1625       4       java.lang.invoke.MethodType::makeImpl (109 bytes)

Stack: [0x000000e100e00000,0x000000e100f00000],  sp=0x000000e100efbc70,  free space=1007k
Native frames: (J=compiled Java code, j=interpreted, Vv=VM code, C=native code)
V  [jvm.dll+0x60bdfc]
V  [jvm.dll+0x609e74]
V  [jvm.dll+0x217e7e]
V  [jvm.dll+0x217431]
V  [jvm.dll+0x1a3af0]
V  [jvm.dll+0x2270be]
V  [jvm.dll+0x22535b]
V  [jvm.dll+0x78e7bc]
V  [jvm.dll+0x788bba]
V  [jvm.dll+0x676b35]
C  [ucrtbase.dll+0x29363]
C  [KERNEL32.DLL+0x1257d]
C  [ntdll.dll+0x5aa58]


siginfo: EXCEPTION_ACCESS_VIOLATION (0xc0000005), reading address 0x000002c76127d880


Register to memory mapping:

RIP=0x00007fff3216bdfc jvm.dll
RAX=0x000002c76127d870 is an unknown value
RBX=0x000002c36127d970 points into unknown readable memory: 0x00007fff3241be90 | 90 be 41 32 ff 7f 00 00
RCX=0x0000000000000002 is an unknown value
RDX=0x000002c36127dd80 points into unknown readable memory: 0x000002c36127dcd0 | d0 dc 27 61 c3 02 00 00
RSP=0x000000e100efbc70 is pointing into the stack for thread: 0x000002c31ab4fb60
RBP=0x000000e100efbcd0 is pointing into the stack for thread: 0x000002c31ab4fb60
RSI=0x000002c31ab40658 points into unknown readable memory: 0x000002c31ab21150 | 50 11 b2 1a c3 02 00 00
RDI=0x000002c36127d838 points into unknown readable memory: 0x00007fff3249f230 | 30 f2 49 32 ff 7f 00 00
R8 =0x0000000000000020 is an unknown value
R9 =0x000002c76127d880 is an unknown value
R10=0x00007fffa0a20000 VCRUNTIME140.dll
R11=0x0000000000000246 is an unknown value
R12=0x000000e100efc0b0 is pointing into the stack for thread: 0x000002c31ab4fb60
R13=0x000002c36127de50 points into unknown readable memory: 0x00007fff323b6800 | 00 68 3b 32 ff 7f 00 00
R14=0x0000000000000050 is an unknown value
R15=0x0000000000000001 is an unknown value


Registers:
RAX=0x000002c76127d870, RBX=0x000002c36127d970, RCX=0x0000000000000002, RDX=0x000002c36127dd80
RSP=0x000000e100efbc70, RBP=0x000000e100efbcd0, RSI=0x000002c31ab40658, RDI=0x000002c36127d838
R8 =0x0000000000000020, R9 =0x000002c76127d880, R10=0x00007fffa0a20000, R11=0x0000000000000246
R12=0x000000e100efc0b0, R13=0x000002c36127de50, R14=0x0000000000000050, R15=0x0000000000000001
RIP=0x00007fff3216bdfc, EFLAGS=0x0000000000010202

Top of Stack: (sp=0x000000e100efbc70)
0x000000e100efbc70:   000002c36127d970 000002c36127dab0
0x000000e100efbc80:   000000e100efbcd0 000002c36058e510
0x000000e100efbc90:   000002c361585380 000002c36160b060
0x000000e100efbca0:   000002c361576960 000002c31ab49a30
0x000000e100efbcb0:   000000e100efeb20 000002c361242860
0x000000e100efbcc0:   0000000000000000 000000000000349a
0x000000e100efbcd0:   0000000000000000 000000e100efc0b0
0x000000e100efbce0:   000000e100efbd70 00007fff32169e74
0x000000e100efbcf0:   0000000000000006 000002c31ab40658
0x000000e100efbd00:   000000e100efc0b0 0000000000000006
0x000000e100efbd10:   0000000000100000 0000000000000000
0x000000e100efbd20:   0000000000000000 0000000000000000
0x000000e100efbd30:   0000000000000000 0000000000000000
0x000000e100efbd40:   0000000000000000 0000000000000000
0x000000e100efbd50:   0000000000000000 0000000000000000
0x000000e100efbd60:   0000000000000000 0000000000000000 

Instructions: (pc=0x00007fff3216bdfc)
0x00007fff3216bcfc:   4d c0 48 8d 41 10 48 3b 45 c8 72 0d 48 8d 4d c0
0x00007fff3216bd0c:   e8 0f a9 04 00 48 8b 4d c0 48 89 31 48 8b 45 c0
0x00007fff3216bd1c:   c7 40 08 00 00 00 00 48 8b 45 c0 48 83 c0 10 48
0x00007fff3216bd2c:   89 45 c0 4c 89 30 48 8b 45 c0 ff cf c7 40 08 01
0x00007fff3216bd3c:   00 00 00 41 3b ff 0f 8d f8 fe ff ff 85 ff 78 71
0x00007fff3216bd4c:   48 63 c7 48 8d 34 c5 00 00 00 00 66 0f 1f 84 00
0x00007fff3216bd5c:   00 00 00 00 48 8b 43 08 4c 8b 34 06 4d 85 f6 74
0x00007fff3216bd6c:   47 48 8b 4d c0 48 83 c1 10 48 89 4d c0 48 8d 41
0x00007fff3216bd7c:   10 48 3b 45 c8 72 0d 48 8d 4d c0 e8 94 a8 04 00
0x00007fff3216bd8c:   48 8b 4d c0 48 89 19 48 8b 45 c0 89 78 08 48 8b
0x00007fff3216bd9c:   45 c0 48 83 c0 10 48 89 45 c0 4c 89 30 48 8b 45
0x00007fff3216bdac:   c0 c7 40 08 01 00 00 00 48 83 ee 08 83 ef 01 79
0x00007fff3216bdbc:   a3 48 8b 75 28 41 be 50 00 00 00 e9 ee 00 00 00
0x00007fff3216bdcc:   83 f9 02 0f 85 cf 00 00 00 48 8b 45 c0 48 83 c0
0x00007fff3216bddc:   f0 48 89 45 c0 48 8b 38 48 85 ff 0f 84 b0 00 00
0x00007fff3216bdec:   00 8b 48 08 85 c9 78 7c 48 8b 47 08 4c 8d 0c c8
0x00007fff3216bdfc:   48 8b 0c c8 48 85 c9 74 26 4c 8b 41 10 4d 85 c0
0x00007fff3216be0c:   74 1d 8b 41 20 49 8d 14 c0 48 39 7a f8 48 8d 52
0x00007fff3216be1c:   f8 75 f6 ff c8 89 41 20 49 8b 0c c0 48 89 0a 49
0x00007fff3216be2c:   89 19 48 85 db 74 25 48 83 7b 10 00 74 1e 8b 53
0x00007fff3216be3c:   20 3b 53 24 75 08 48 8b cb e8 86 b7 04 00 8b 4b
0x00007fff3216be4c:   20 48 8b 43 10 48 89 3c c8 ff 43 20 48 8b 06 41
0x00007fff3216be5c:   8b ce 80 3c 01 00 75 39 e8 83 96 22 00 48 83 6d
0x00007fff3216be6c:   c0 10 eb 4a 83 f9 ff 75 12 48 8b d3 48 8b cf e8
0x00007fff3216be7c:   10 90 04 00 48 83 6d c0 10 eb 33 ba 9f 04 00 00
0x00007fff3216be8c:   48 8d 0d dd 08 33 00 e8 38 9c c3 ff e8 83 b9 06
0x00007fff3216be9c:   00 48 83 6d c0 10 eb 16 ba a4 04 00 00 48 8d 0d
0x00007fff3216beac:   c0 08 33 00 e8 1b 9c c3 ff e8 66 b9 06 00 48 8b
0x00007fff3216bebc:   45 d0 48 39 45 c0 0f 83 88 f9 ff ff 48 8b c3 4c
0x00007fff3216becc:   8b 7c 24 40 4c 8b 74 24 48 4c 8b 6c 24 50 48 8b
0x00007fff3216bedc:   7c 24 58 48 8b b4 24 80 00 00 00 48 83 c4 60 41
0x00007fff3216beec:   5c 5b 5d c3 33 c0 eb d7 cc cc cc cc cc cc cc cc 


Stack slot to memory mapping:
stack at sp + 0 slots: 0x000002c36127d970 points into unknown readable memory: 0x00007fff3241be90 | 90 be 41 32 ff 7f 00 00
stack at sp + 1 slots: 0x000002c36127dab0 points into unknown readable memory: 0x00007fff323e14e0 | e0 14 3e 32 ff 7f 00 00
stack at sp + 2 slots: 0x000000e100efbcd0 is pointing into the stack for thread: 0x000002c31ab4fb60
stack at sp + 3 slots: 0x000002c36058e510 points into unknown readable memory: 0x00007fff3241be90 | 90 be 41 32 ff 7f 00 00
stack at sp + 4 slots: 0x000002c361585380 points into unknown readable memory: 0x000002c36127d838 | 38 d8 27 61 c3 02 00 00
stack at sp + 5 slots: 0x000002c36160b060 points into unknown readable memory: 0x0000000000000000 | 00 00 00 00 00 00 00 00
stack at sp + 6 slots: 0x000002c361576960 points into unknown readable memory: 0x0000000000000000 | 00 00 00 00 00 00 00 00
stack at sp + 7 slots: 0x000002c31ab49a30 points into unknown readable memory: 0x0000000000000006 | 06 00 00 00 00 00 00 00


---------------  P R O C E S S  ---------------

Threads class SMR info:
_java_thread_list=0x000002c360a8dc20, length=28, elements={
0x000002c377b69e20, 0x000002c31ab335a0, 0x000002c31ab34410, 0x000002c31ab46e70,
0x000002c31ab48a30, 0x000002c31ab4a5f0, 0x000002c31ab4cfb0, 0x000002c31ab4fb60,
0x000002c31ab50510, 0x000002c31ab55a10, 0x000002c31ab1ba20, 0x000002c36018de30,
0x000002c36018e300, 0x000002c3606f8350, 0x000002c3608464e0, 0x000002c36088bb40,
0x000002c360842f10, 0x000002c360871ca0, 0x000002c36083c170, 0x000002c360813030,
0x000002c3608fc9d0, 0x000002c3608fcea0, 0x000002c3608f9e80, 0x000002c3608fa350,
0x000002c3608fc030, 0x000002c3608fbb60, 0x000002c3608fc500, 0x000002c360a77dd0
}

Java Threads: ( => current thread )
  0x000002c377b69e20 JavaThread "Forwarding get on session 8549ad7b72cb91d0702f8670458088bd to remote" [_thread_blocked, id=11680, stack(0x000000e100100000,0x000000e100200000)]
  0x000002c31ab335a0 JavaThread "Reference Handler" daemon [_thread_blocked, id=21560, stack(0x000000e100800000,0x000000e100900000)]
  0x000002c31ab34410 JavaThread "Finalizer" daemon [_thread_blocked, id=11388, stack(0x000000e100900000,0x000000e100a00000)]
  0x000002c31ab46e70 JavaThread "Signal Dispatcher" daemon [_thread_blocked, id=12324, stack(0x000000e100a00000,0x000000e100b00000)]
  0x000002c31ab48a30 JavaThread "Attach Listener" daemon [_thread_blocked, id=14924, stack(0x000000e100b00000,0x000000e100c00000)]
  0x000002c31ab4a5f0 JavaThread "Service Thread" daemon [_thread_blocked, id=15204, stack(0x000000e100c00000,0x000000e100d00000)]
  0x000002c31ab4cfb0 JavaThread "Monitor Deflation Thread" daemon [_thread_blocked, id=4424, stack(0x000000e100d00000,0x000000e100e00000)]
=>0x000002c31ab4fb60 JavaThread "C2 CompilerThread0" daemon [_thread_in_native, id=12056, stack(0x000000e100e00000,0x000000e100f00000)]
  0x000002c31ab50510 JavaThread "C1 CompilerThread0" daemon [_thread_blocked, id=5976, stack(0x000000e100f00000,0x000000e101000000)]
  0x000002c31ab55a10 JavaThread "Sweeper thread" daemon [_thread_blocked, id=15848, stack(0x000000e101000000,0x000000e101100000)]
  0x000002c31ab1ba20 JavaThread "Common-Cleaner" daemon [_thread_blocked, id=12036, stack(0x000000e101100000,0x000000e101200000)]
  0x000002c36018de30 JavaThread "Monitor Ctrl-Break" daemon [_thread_in_native, id=7380, stack(0x000000e101300000,0x000000e101400000)]
  0x000002c36018e300 JavaThread "Notification Thread" daemon [_thread_blocked, id=4228, stack(0x000000e101400000,0x000000e101500000)]
  0x000002c3606f8350 JavaThread "ForkJoinPool.commonPool-worker-1" daemon [_thread_blocked, id=9836, stack(0x000000e101200000,0x000000e101300000)]
  0x000002c3608464e0 JavaThread "HttpClient-1-SelectorManager" daemon [_thread_in_native, id=3256, stack(0x000000e101600000,0x000000e101700000)]
  0x000002c36088bb40 JavaThread "Thread-2" [_thread_in_native, id=11152, stack(0x000000e101700000,0x000000e101800000)]
  0x000002c360842f10 JavaThread "Driver Service Executor" daemon [_thread_blocked, id=16416, stack(0x000000e101800000,0x000000e101900000)]
  0x000002c360871ca0 JavaThread "Driver Service Executor" daemon [_thread_in_native, id=9820, stack(0x000000e101900000,0x000000e101a00000)]
  0x000002c36083c170 JavaThread "UrlChecker-2" daemon [_thread_blocked, id=7956, stack(0x000000e101a00000,0x000000e101b00000)]
  0x000002c360813030 JavaThread "Keep-Alive-Timer" daemon [_thread_blocked, id=13156, stack(0x000000e102500000,0x000000e102600000)]
  0x000002c3608fc9d0 JavaThread "pool-1-thread-1" [_thread_blocked, id=22064, stack(0x000000e102700000,0x000000e102800000)]
  0x000002c3608fcea0 JavaThread "pool-1-thread-2" [_thread_blocked, id=12968, stack(0x000000e102800000,0x000000e102900000)]
  0x000002c3608f9e80 JavaThread "pool-1-thread-3" [_thread_blocked, id=11956, stack(0x000000e102900000,0x000000e102a00000)]
  0x000002c3608fa350 JavaThread "HttpClient-2-SelectorManager" daemon [_thread_in_native, id=16032, stack(0x000000e102600000,0x000000e102700000)]
  0x000002c3608fc030 JavaThread "pool-2-thread-1" [_thread_blocked, id=12608, stack(0x000000e102a00000,0x000000e102b00000)]
  0x000002c3608fbb60 JavaThread "pool-2-thread-2" [_thread_blocked, id=7204, stack(0x000000e102b00000,0x000000e102c00000)]
  0x000002c3608fc500 JavaThread "pool-2-thread-3" [_thread_blocked, id=10620, stack(0x000000e102c00000,0x000000e102d00000)]
  0x000002c360a77dd0 JavaThread "C2 CompilerThread1" daemon [_thread_blocked, id=13616, stack(0x000000e102d00000,0x000000e102e00000)]

Other Threads:
  0x000002c31ab2e200 VMThread "VM Thread" [stack: 0x000000e100700000,0x000000e100800000] [id=19576]
  0x000002c36018e7d0 WatcherThread [stack: 0x000000e101500000,0x000000e101600000] [id=20792]
  0x000002c377bd4540 GCTaskThread "GC Thread#0" [stack: 0x000000e100200000,0x000000e100300000] [id=16176]
  0x000002c36083ce70 GCTaskThread "GC Thread#1" [stack: 0x000000e101b00000,0x000000e101c00000] [id=21784]
  0x000002c360888020 GCTaskThread "GC Thread#2" [stack: 0x000000e101c00000,0x000000e101d00000] [id=14312]
  0x000002c3608882d0 GCTaskThread "GC Thread#3" [stack: 0x000000e101d00000,0x000000e101e00000] [id=9048]
  0x000002c360888a00 GCTaskThread "GC Thread#4" [stack: 0x000000e101e00000,0x000000e101f00000] [id=15484]
  0x000002c360888cb0 GCTaskThread "GC Thread#5" [stack: 0x000000e101f00000,0x000000e102000000] [id=14032]
  0x000002c360889860 GCTaskThread "GC Thread#6" [stack: 0x000000e102000000,0x000000e102100000] [id=22208]
  0x000002c360814880 GCTaskThread "GC Thread#7" [stack: 0x000000e102100000,0x000000e102200000] [id=1180]
  0x000002c3608f38b0 GCTaskThread "GC Thread#8" [stack: 0x000000e102200000,0x000000e102300000] [id=5244]
  0x000002c3608f3b60 GCTaskThread "GC Thread#9" [stack: 0x000000e102300000,0x000000e102400000] [id=3936]
  0x000002c377be4f50 ConcurrentGCThread "G1 Main Marker" [stack: 0x000000e100300000,0x000000e100400000] [id=8816]
  0x000002c377be5960 ConcurrentGCThread "G1 Conc#0" [stack: 0x000000e100400000,0x000000e100500000] [id=4476]
  0x000002c377c3e720 ConcurrentGCThread "G1 Refine#0" [stack: 0x000000e100500000,0x000000e100600000] [id=15300]
  0x000002c31a9ea380 ConcurrentGCThread "G1 Service" [stack: 0x000000e100600000,0x000000e100700000] [id=10732]

Threads with active compile tasks:
C2 CompilerThread0     1901 1625       4       java.lang.invoke.MethodType::makeImpl (109 bytes)

VM state: not at safepoint (normal execution)

VM Mutex/Monitor currently owned by a thread: None

Heap address: 0x0000000705200000, size: 4014 MB, Compressed Oops mode: Zero based, Oop shift amount: 3

CDS archive(s) mapped at: [0x000002c31b000000-0x000002c31bbd0000-0x000002c31bbd0000), size 12386304, SharedBaseAddress: 0x000002c31b000000, ArchiveRelocationMode: 1.
Compressed class space mapped at: 0x000002c31c000000-0x000002c35c000000, reserved size: 1073741824
Narrow klass base: 0x000002c31b000000, Narrow klass shift: 0, Narrow klass range: 0x100000000

GC Precious Log:
 CPUs: 12 total, 12 available
 Memory: 16055M
 Large Page Support: Disabled
 NUMA Support: Disabled
 Compressed Oops: Enabled (Zero based)
 Heap Region Size: 2M
 Heap Min Capacity: 8M
 Heap Initial Capacity: 252M
 Heap Max Capacity: 4014M
 Pre-touch: Disabled
 Parallel Workers: 10
 Concurrent Workers: 3
 Concurrent Refinement Workers: 10
 Periodic GC: Disabled

Heap:
 garbage-first heap   total 258048K, used 22568K [0x0000000705200000, 0x0000000800000000)
  region size 2048K, 10 young (20480K), 2 survivors (4096K)
 Metaspace       used 14012K, committed 14272K, reserved 1114112K
  class space    used 1743K, committed 1856K, reserved 1048576K

Heap Regions: E=young(eden), S=young(survivor), O=old, HS=humongous(starts), HC=humongous(continues), CS=collection set, F=free, OA=open archive, CA=closed archive, TAMS=top-at-mark-start (previous, next)
|   0|0x0000000705200000, 0x0000000705400000, 0x0000000705400000|100%|HS|  |TAMS 0x0000000705200000, 0x0000000705200000| Complete 
|   1|0x0000000705400000, 0x0000000705600000, 0x0000000705600000|100%|HC|  |TAMS 0x0000000705400000, 0x0000000705400000| Complete 
|   2|0x0000000705600000, 0x000000070560a000, 0x0000000705800000|  1%| O|  |TAMS 0x0000000705600000, 0x0000000705600000| Untracked 
|   3|0x0000000705800000, 0x0000000705800000, 0x0000000705a00000|  0%| F|  |TAMS 0x0000000705800000, 0x0000000705800000| Untracked 
|   4|0x0000000705a00000, 0x0000000705a00000, 0x0000000705c00000|  0%| F|  |TAMS 0x0000000705a00000, 0x0000000705a00000| Untracked 
|   5|0x0000000705c00000, 0x0000000705c00000, 0x0000000705e00000|  0%| F|  |TAMS 0x0000000705c00000, 0x0000000705c00000| Untracked 
|   6|0x0000000705e00000, 0x0000000705e00000, 0x0000000706000000|  0%| F|  |TAMS 0x0000000705e00000, 0x0000000705e00000| Untracked 
|   7|0x0000000706000000, 0x0000000706000000, 0x0000000706200000|  0%| F|  |TAMS 0x0000000706000000, 0x0000000706000000| Untracked 
|   8|0x0000000706200000, 0x0000000706200000, 0x0000000706400000|  0%| F|  |TAMS 0x0000000706200000, 0x0000000706200000| Untracked 
|   9|0x0000000706400000, 0x0000000706400000, 0x0000000706600000|  0%| F|  |TAMS 0x0000000706400000, 0x0000000706400000| Untracked 
|  10|0x0000000706600000, 0x0000000706600000, 0x0000000706800000|  0%| F|  |TAMS 0x0000000706600000, 0x0000000706600000| Untracked 
|  11|0x0000000706800000, 0x0000000706800000, 0x0000000706a00000|  0%| F|  |TAMS 0x0000000706800000, 0x0000000706800000| Untracked 
|  12|0x0000000706a00000, 0x0000000706a00000, 0x0000000706c00000|  0%| F|  |TAMS 0x0000000706a00000, 0x0000000706a00000| Untracked 
|  13|0x0000000706c00000, 0x0000000706c00000, 0x0000000706e00000|  0%| F|  |TAMS 0x0000000706c00000, 0x0000000706c00000| Untracked 
|  14|0x0000000706e00000, 0x0000000706e00000, 0x0000000707000000|  0%| F|  |TAMS 0x0000000706e00000, 0x0000000706e00000| Untracked 
|  15|0x0000000707000000, 0x0000000707000000, 0x0000000707200000|  0%| F|  |TAMS 0x0000000707000000, 0x0000000707000000| Untracked 
|  16|0x0000000707200000, 0x0000000707200000, 0x0000000707400000|  0%| F|  |TAMS 0x0000000707200000, 0x0000000707200000| Untracked 
|  17|0x0000000707400000, 0x0000000707400000, 0x0000000707600000|  0%| F|  |TAMS 0x0000000707400000, 0x0000000707400000| Untracked 
|  18|0x0000000707600000, 0x0000000707600000, 0x0000000707800000|  0%| F|  |TAMS 0x0000000707600000, 0x0000000707600000| Untracked 
|  19|0x0000000707800000, 0x0000000707800000, 0x0000000707a00000|  0%| F|  |TAMS 0x0000000707800000, 0x0000000707800000| Untracked 
|  20|0x0000000707a00000, 0x0000000707a00000, 0x0000000707c00000|  0%| F|  |TAMS 0x0000000707a00000, 0x0000000707a00000| Untracked 
|  21|0x0000000707c00000, 0x0000000707c00000, 0x0000000707e00000|  0%| F|  |TAMS 0x0000000707c00000, 0x0000000707c00000| Untracked 
|  22|0x0000000707e00000, 0x0000000707e00000, 0x0000000708000000|  0%| F|  |TAMS 0x0000000707e00000, 0x0000000707e00000| Untracked 
|  23|0x0000000708000000, 0x0000000708000000, 0x0000000708200000|  0%| F|  |TAMS 0x0000000708000000, 0x0000000708000000| Untracked 
|  24|0x0000000708200000, 0x0000000708200000, 0x0000000708400000|  0%| F|  |TAMS 0x0000000708200000, 0x0000000708200000| Untracked 
|  25|0x0000000708400000, 0x0000000708400000, 0x0000000708600000|  0%| F|  |TAMS 0x0000000708400000, 0x0000000708400000| Untracked 
|  26|0x0000000708600000, 0x0000000708600000, 0x0000000708800000|  0%| F|  |TAMS 0x0000000708600000, 0x0000000708600000| Untracked 
|  27|0x0000000708800000, 0x0000000708800000, 0x0000000708a00000|  0%| F|  |TAMS 0x0000000708800000, 0x0000000708800000| Untracked 
|  28|0x0000000708a00000, 0x0000000708a00000, 0x0000000708c00000|  0%| F|  |TAMS 0x0000000708a00000, 0x0000000708a00000| Untracked 
|  29|0x0000000708c00000, 0x0000000708c00000, 0x0000000708e00000|  0%| F|  |TAMS 0x0000000708c00000, 0x0000000708c00000| Untracked 
|  30|0x0000000708e00000, 0x0000000708e00000, 0x0000000709000000|  0%| F|  |TAMS 0x0000000708e00000, 0x0000000708e00000| Untracked 
|  31|0x0000000709000000, 0x0000000709000000, 0x0000000709200000|  0%| F|  |TAMS 0x0000000709000000, 0x0000000709000000| Untracked 
|  32|0x0000000709200000, 0x0000000709200000, 0x0000000709400000|  0%| F|  |TAMS 0x0000000709200000, 0x0000000709200000| Untracked 
|  33|0x0000000709400000, 0x0000000709400000, 0x0000000709600000|  0%| F|  |TAMS 0x0000000709400000, 0x0000000709400000| Untracked 
|  34|0x0000000709600000, 0x0000000709600000, 0x0000000709800000|  0%| F|  |TAMS 0x0000000709600000, 0x0000000709600000| Untracked 
|  35|0x0000000709800000, 0x0000000709800000, 0x0000000709a00000|  0%| F|  |TAMS 0x0000000709800000, 0x0000000709800000| Untracked 
|  36|0x0000000709a00000, 0x0000000709a00000, 0x0000000709c00000|  0%| F|  |TAMS 0x0000000709a00000, 0x0000000709a00000| Untracked 
|  37|0x0000000709c00000, 0x0000000709c00000, 0x0000000709e00000|  0%| F|  |TAMS 0x0000000709c00000, 0x0000000709c00000| Untracked 
|  38|0x0000000709e00000, 0x0000000709e00000, 0x000000070a000000|  0%| F|  |TAMS 0x0000000709e00000, 0x0000000709e00000| Untracked 
|  39|0x000000070a000000, 0x000000070a000000, 0x000000070a200000|  0%| F|  |TAMS 0x000000070a000000, 0x000000070a000000| Untracked 
|  40|0x000000070a200000, 0x000000070a200000, 0x000000070a400000|  0%| F|  |TAMS 0x000000070a200000, 0x000000070a200000| Untracked 
|  41|0x000000070a400000, 0x000000070a400000, 0x000000070a600000|  0%| F|  |TAMS 0x000000070a400000, 0x000000070a400000| Untracked 
|  42|0x000000070a600000, 0x000000070a600000, 0x000000070a800000|  0%| F|  |TAMS 0x000000070a600000, 0x000000070a600000| Untracked 
|  43|0x000000070a800000, 0x000000070a800000, 0x000000070aa00000|  0%| F|  |TAMS 0x000000070a800000, 0x000000070a800000| Untracked 
|  44|0x000000070aa00000, 0x000000070aa00000, 0x000000070ac00000|  0%| F|  |TAMS 0x000000070aa00000, 0x000000070aa00000| Untracked 
|  45|0x000000070ac00000, 0x000000070ac00000, 0x000000070ae00000|  0%| F|  |TAMS 0x000000070ac00000, 0x000000070ac00000| Untracked 
|  46|0x000000070ae00000, 0x000000070ae00000, 0x000000070b000000|  0%| F|  |TAMS 0x000000070ae00000, 0x000000070ae00000| Untracked 
|  47|0x000000070b000000, 0x000000070b000000, 0x000000070b200000|  0%| F|  |TAMS 0x000000070b000000, 0x000000070b000000| Untracked 
|  48|0x000000070b200000, 0x000000070b200000, 0x000000070b400000|  0%| F|  |TAMS 0x000000070b200000, 0x000000070b200000| Untracked 
|  49|0x000000070b400000, 0x000000070b400000, 0x000000070b600000|  0%| F|  |TAMS 0x000000070b400000, 0x000000070b400000| Untracked 
|  50|0x000000070b600000, 0x000000070b600000, 0x000000070b800000|  0%| F|  |TAMS 0x000000070b600000, 0x000000070b600000| Untracked 
|  51|0x000000070b800000, 0x000000070b800000, 0x000000070ba00000|  0%| F|  |TAMS 0x000000070b800000, 0x000000070b800000| Untracked 
|  52|0x000000070ba00000, 0x000000070ba00000, 0x000000070bc00000|  0%| F|  |TAMS 0x000000070ba00000, 0x000000070ba00000| Untracked 
|  53|0x000000070bc00000, 0x000000070bc00000, 0x000000070be00000|  0%| F|  |TAMS 0x000000070bc00000, 0x000000070bc00000| Untracked 
|  54|0x000000070be00000, 0x000000070be00000, 0x000000070c000000|  0%| F|  |TAMS 0x000000070be00000, 0x000000070be00000| Untracked 
|  55|0x000000070c000000, 0x000000070c000000, 0x000000070c200000|  0%| F|  |TAMS 0x000000070c000000, 0x000000070c000000| Untracked 
|  56|0x000000070c200000, 0x000000070c200000, 0x000000070c400000|  0%| F|  |TAMS 0x000000070c200000, 0x000000070c200000| Untracked 
|  57|0x000000070c400000, 0x000000070c400000, 0x000000070c600000|  0%| F|  |TAMS 0x000000070c400000, 0x000000070c400000| Untracked 
|  58|0x000000070c600000, 0x000000070c600000, 0x000000070c800000|  0%| F|  |TAMS 0x000000070c600000, 0x000000070c600000| Untracked 
|  59|0x000000070c800000, 0x000000070c800000, 0x000000070ca00000|  0%| F|  |TAMS 0x000000070c800000, 0x000000070c800000| Untracked 
|  60|0x000000070ca00000, 0x000000070ca00000, 0x000000070cc00000|  0%| F|  |TAMS 0x000000070ca00000, 0x000000070ca00000| Untracked 
|  61|0x000000070cc00000, 0x000000070cc00000, 0x000000070ce00000|  0%| F|  |TAMS 0x000000070cc00000, 0x000000070cc00000| Untracked 
|  62|0x000000070ce00000, 0x000000070ce00000, 0x000000070d000000|  0%| F|  |TAMS 0x000000070ce00000, 0x000000070ce00000| Untracked 
|  63|0x000000070d000000, 0x000000070d000000, 0x000000070d200000|  0%| F|  |TAMS 0x000000070d000000, 0x000000070d000000| Untracked 
|  64|0x000000070d200000, 0x000000070d200000, 0x000000070d400000|  0%| F|  |TAMS 0x000000070d200000, 0x000000070d200000| Untracked 
|  65|0x000000070d400000, 0x000000070d400000, 0x000000070d600000|  0%| F|  |TAMS 0x000000070d400000, 0x000000070d400000| Untracked 
|  66|0x000000070d600000, 0x000000070d600000, 0x000000070d800000|  0%| F|  |TAMS 0x000000070d600000, 0x000000070d600000| Untracked 
|  67|0x000000070d800000, 0x000000070d800000, 0x000000070da00000|  0%| F|  |TAMS 0x000000070d800000, 0x000000070d800000| Untracked 
|  68|0x000000070da00000, 0x000000070da00000, 0x000000070dc00000|  0%| F|  |TAMS 0x000000070da00000, 0x000000070da00000| Untracked 
|  69|0x000000070dc00000, 0x000000070dc00000, 0x000000070de00000|  0%| F|  |TAMS 0x000000070dc00000, 0x000000070dc00000| Untracked 
|  70|0x000000070de00000, 0x000000070de00000, 0x000000070e000000|  0%| F|  |TAMS 0x000000070de00000, 0x000000070de00000| Untracked 
|  71|0x000000070e000000, 0x000000070e000000, 0x000000070e200000|  0%| F|  |TAMS 0x000000070e000000, 0x000000070e000000| Untracked 
|  72|0x000000070e200000, 0x000000070e200000, 0x000000070e400000|  0%| F|  |TAMS 0x000000070e200000, 0x000000070e200000| Untracked 
|  73|0x000000070e400000, 0x000000070e400000, 0x000000070e600000|  0%| F|  |TAMS 0x000000070e400000, 0x000000070e400000| Untracked 
|  74|0x000000070e600000, 0x000000070e600000, 0x000000070e800000|  0%| F|  |TAMS 0x000000070e600000, 0x000000070e600000| Untracked 
|  75|0x000000070e800000, 0x000000070e800000, 0x000000070ea00000|  0%| F|  |TAMS 0x000000070e800000, 0x000000070e800000| Untracked 
|  76|0x000000070ea00000, 0x000000070ea00000, 0x000000070ec00000|  0%| F|  |TAMS 0x000000070ea00000, 0x000000070ea00000| Untracked 
|  77|0x000000070ec00000, 0x000000070ec00000, 0x000000070ee00000|  0%| F|  |TAMS 0x000000070ec00000, 0x000000070ec00000| Untracked 
|  78|0x000000070ee00000, 0x000000070ee00000, 0x000000070f000000|  0%| F|  |TAMS 0x000000070ee00000, 0x000000070ee00000| Untracked 
|  79|0x000000070f000000, 0x000000070f000000, 0x000000070f200000|  0%| F|  |TAMS 0x000000070f000000, 0x000000070f000000| Untracked 
|  80|0x000000070f200000, 0x000000070f200000, 0x000000070f400000|  0%| F|  |TAMS 0x000000070f200000, 0x000000070f200000| Untracked 
|  81|0x000000070f400000, 0x000000070f400000, 0x000000070f600000|  0%| F|  |TAMS 0x000000070f400000, 0x000000070f400000| Untracked 
|  82|0x000000070f600000, 0x000000070f600000, 0x000000070f800000|  0%| F|  |TAMS 0x000000070f600000, 0x000000070f600000| Untracked 
|  83|0x000000070f800000, 0x000000070f800000, 0x000000070fa00000|  0%| F|  |TAMS 0x000000070f800000, 0x000000070f800000| Untracked 
|  84|0x000000070fa00000, 0x000000070fa00000, 0x000000070fc00000|  0%| F|  |TAMS 0x000000070fa00000, 0x000000070fa00000| Untracked 
|  85|0x000000070fc00000, 0x000000070fc00000, 0x000000070fe00000|  0%| F|  |TAMS 0x000000070fc00000, 0x000000070fc00000| Untracked 
|  86|0x000000070fe00000, 0x000000070fe00000, 0x0000000710000000|  0%| F|  |TAMS 0x000000070fe00000, 0x000000070fe00000| Untracked 
|  87|0x0000000710000000, 0x0000000710000000, 0x0000000710200000|  0%| F|  |TAMS 0x0000000710000000, 0x0000000710000000| Untracked 
|  88|0x0000000710200000, 0x0000000710200000, 0x0000000710400000|  0%| F|  |TAMS 0x0000000710200000, 0x0000000710200000| Untracked 
|  89|0x0000000710400000, 0x0000000710400000, 0x0000000710600000|  0%| F|  |TAMS 0x0000000710400000, 0x0000000710400000| Untracked 
|  90|0x0000000710600000, 0x0000000710600000, 0x0000000710800000|  0%| F|  |TAMS 0x0000000710600000, 0x0000000710600000| Untracked 
|  91|0x0000000710800000, 0x0000000710800000, 0x0000000710a00000|  0%| F|  |TAMS 0x0000000710800000, 0x0000000710800000| Untracked 
|  92|0x0000000710a00000, 0x0000000710a00000, 0x0000000710c00000|  0%| F|  |TAMS 0x0000000710a00000, 0x0000000710a00000| Untracked 
|  93|0x0000000710c00000, 0x0000000710c00000, 0x0000000710e00000|  0%| F|  |TAMS 0x0000000710c00000, 0x0000000710c00000| Untracked 
|  94|0x0000000710e00000, 0x0000000710e00000, 0x0000000711000000|  0%| F|  |TAMS 0x0000000710e00000, 0x0000000710e00000| Untracked 
|  95|0x0000000711000000, 0x0000000711000000, 0x0000000711200000|  0%| F|  |TAMS 0x0000000711000000, 0x0000000711000000| Untracked 
|  96|0x0000000711200000, 0x0000000711200000, 0x0000000711400000|  0%| F|  |TAMS 0x0000000711200000, 0x0000000711200000| Untracked 
|  97|0x0000000711400000, 0x0000000711400000, 0x0000000711600000|  0%| F|  |TAMS 0x0000000711400000, 0x0000000711400000| Untracked 
|  98|0x0000000711600000, 0x0000000711600000, 0x0000000711800000|  0%| F|  |TAMS 0x0000000711600000, 0x0000000711600000| Untracked 
|  99|0x0000000711800000, 0x0000000711800000, 0x0000000711a00000|  0%| F|  |TAMS 0x0000000711800000, 0x0000000711800000| Untracked 
| 100|0x0000000711a00000, 0x0000000711a00000, 0x0000000711c00000|  0%| F|  |TAMS 0x0000000711a00000, 0x0000000711a00000| Untracked 
| 101|0x0000000711c00000, 0x0000000711c00000, 0x0000000711e00000|  0%| F|  |TAMS 0x0000000711c00000, 0x0000000711c00000| Untracked 
| 102|0x0000000711e00000, 0x0000000711e00000, 0x0000000712000000|  0%| F|  |TAMS 0x0000000711e00000, 0x0000000711e00000| Untracked 
| 103|0x0000000712000000, 0x0000000712000000, 0x0000000712200000|  0%| F|  |TAMS 0x0000000712000000, 0x0000000712000000| Untracked 
| 104|0x0000000712200000, 0x0000000712200000, 0x0000000712400000|  0%| F|  |TAMS 0x0000000712200000, 0x0000000712200000| Untracked 
| 105|0x0000000712400000, 0x0000000712400000, 0x0000000712600000|  0%| F|  |TAMS 0x0000000712400000, 0x0000000712400000| Untracked 
| 106|0x0000000712600000, 0x0000000712600000, 0x0000000712800000|  0%| F|  |TAMS 0x0000000712600000, 0x0000000712600000| Untracked 
| 107|0x0000000712800000, 0x0000000712800000, 0x0000000712a00000|  0%| F|  |TAMS 0x0000000712800000, 0x0000000712800000| Untracked 
| 108|0x0000000712a00000, 0x0000000712a00000, 0x0000000712c00000|  0%| F|  |TAMS 0x0000000712a00000, 0x0000000712a00000| Untracked 
| 109|0x0000000712c00000, 0x0000000712c00000, 0x0000000712e00000|  0%| F|  |TAMS 0x0000000712c00000, 0x0000000712c00000| Untracked 
| 110|0x0000000712e00000, 0x0000000712e00000, 0x0000000713000000|  0%| F|  |TAMS 0x0000000712e00000, 0x0000000712e00000| Untracked 
| 111|0x0000000713000000, 0x0000000713000000, 0x0000000713200000|  0%| F|  |TAMS 0x0000000713000000, 0x0000000713000000| Untracked 
| 112|0x0000000713200000, 0x0000000713200000, 0x0000000713400000|  0%| F|  |TAMS 0x0000000713200000, 0x0000000713200000| Untracked 
| 113|0x0000000713400000, 0x0000000713600000, 0x0000000713600000|100%| S|CS|TAMS 0x0000000713400000, 0x0000000713400000| Complete 
| 114|0x0000000713600000, 0x0000000713800000, 0x0000000713800000|100%| S|CS|TAMS 0x0000000713600000, 0x0000000713600000| Complete 
| 115|0x0000000713800000, 0x0000000713800000, 0x0000000713a00000|  0%| F|  |TAMS 0x0000000713800000, 0x0000000713800000| Untracked 
| 116|0x0000000713a00000, 0x0000000713a00000, 0x0000000713c00000|  0%| F|  |TAMS 0x0000000713a00000, 0x0000000713a00000| Untracked 
| 117|0x0000000713c00000, 0x0000000713c00000, 0x0000000713e00000|  0%| F|  |TAMS 0x0000000713c00000, 0x0000000713c00000| Untracked 
| 118|0x0000000713e00000, 0x0000000713e8a778, 0x0000000714000000| 27%| E|  |TAMS 0x0000000713e00000, 0x0000000713e00000| Complete 
| 119|0x0000000714000000, 0x0000000714200000, 0x0000000714200000|100%| E|CS|TAMS 0x0000000714000000, 0x0000000714000000| Complete 
| 120|0x0000000714200000, 0x0000000714400000, 0x0000000714400000|100%| E|CS|TAMS 0x0000000714200000, 0x0000000714200000| Complete 
| 121|0x0000000714400000, 0x0000000714600000, 0x0000000714600000|100%| E|CS|TAMS 0x0000000714400000, 0x0000000714400000| Complete 
| 122|0x0000000714600000, 0x0000000714800000, 0x0000000714800000|100%| E|CS|TAMS 0x0000000714600000, 0x0000000714600000| Complete 
| 123|0x0000000714800000, 0x0000000714a00000, 0x0000000714a00000|100%| E|CS|TAMS 0x0000000714800000, 0x0000000714800000| Complete 
| 124|0x0000000714a00000, 0x0000000714c00000, 0x0000000714c00000|100%| E|CS|TAMS 0x0000000714a00000, 0x0000000714a00000| Complete 
| 125|0x0000000714c00000, 0x0000000714e00000, 0x0000000714e00000|100%| E|CS|TAMS 0x0000000714c00000, 0x0000000714c00000| Complete 

Card table byte_map: [0x000002c30f7e0000,0x000002c30ffc0000] _byte_map_base: 0x000002c30bfb7000

Marking Bits (Prev, Next): (CMBitMap*) 0x000002c377bd4b50, (CMBitMap*) 0x000002c377bd4b90
 Prev Bits: [0x000002c3107a0000, 0x000002c314658000)
 Next Bits: [0x000002c314660000, 0x000002c318518000)

Polling page: 0x000002c377340000

Metaspace:

Usage:
  Non-class:     11.98 MB used.
      Class:      1.70 MB used.
       Both:     13.68 MB used.

Virtual space:
  Non-class space:       64.00 MB reserved,      12.12 MB ( 19%) committed,  1 nodes.
      Class space:        1.00 GB reserved,       1.81 MB ( <1%) committed,  1 nodes.
             Both:        1.06 GB reserved,      13.94 MB (  1%) committed. 

Chunk freelists:
   Non-Class:  3.69 MB
       Class:  14.14 MB
        Both:  17.83 MB

MaxMetaspaceSize: unlimited
CompressedClassSpaceSize: 1.00 GB
Initial GC threshold: 21.00 MB
Current GC threshold: 21.00 MB
CDS: on
MetaspaceReclaimPolicy: balanced
 - commit_granule_bytes: 65536.
 - commit_granule_words: 8192.
 - virtual_space_node_default_size: 8388608.
 - enlarge_chunks_in_place: 1.
 - new_chunks_are_fully_committed: 0.
 - uncommit_free_chunks: 1.
 - use_allocation_guard: 0.
 - handle_deallocations: 1.


Internal statistics:

num_allocs_failed_limit: 0.
num_arena_births: 216.
num_arena_deaths: 0.
num_vsnodes_births: 2.
num_vsnodes_deaths: 0.
num_space_committed: 223.
num_space_uncommitted: 0.
num_chunks_returned_to_freelist: 0.
num_chunks_taken_from_freelist: 530.
num_chunk_merges: 0.
num_chunk_splits: 339.
num_chunks_enlarged: 242.
num_purges: 0.
num_inconsistent_stats: 0.

CodeHeap 'non-profiled nmethods': size=120000Kb used=522Kb max_used=522Kb free=119478Kb
 bounds [0x000002c307ad0000, 0x000002c307d40000, 0x000002c30f000000]
CodeHeap 'profiled nmethods': size=120000Kb used=3257Kb max_used=3257Kb free=116742Kb
 bounds [0x000002c300000000, 0x000002c300330000, 0x000002c307530000]
CodeHeap 'non-nmethods': size=5760Kb used=1232Kb max_used=1251Kb free=4527Kb
 bounds [0x000002c307530000, 0x000002c3077a0000, 0x000002c307ad0000]
 total_blobs=2262 nmethods=1728 adapters=446
 compilation: enabled
              stopped_count=0, restarted_count=0
 full_count=0

Compilation events (20 events):
Event: 1.833 Thread 0x000002c360a77dd0 1691       4       java.lang.invoke.VarHandle::checkExactAccessMode (28 bytes)
Event: 1.842 Thread 0x000002c31ab50510 1706       3       java.util.HashMap::<init> (8 bytes)
Event: 1.843 Thread 0x000002c31ab50510 nmethod 1706 0x000002c300321a90 code [0x000002c300321c60, 0x000002c300321da8]
Event: 1.843 Thread 0x000002c360a77dd0 nmethod 1691 0x000002c307b4f410 code [0x000002c307b4f5a0, 0x000002c307b4f808]
Event: 1.843 Thread 0x000002c360a77dd0 1626       4       jdk.internal.access.SharedSecrets::getJavaLangAccess (4 bytes)
Event: 1.845 Thread 0x000002c360a77dd0 nmethod 1626 0x000002c307b4f990 code [0x000002c307b4fb00, 0x000002c307b4fb78]
Event: 1.845 Thread 0x000002c360a77dd0 1640   !   4       java.util.concurrent.ConcurrentHashMap::transfer (849 bytes)
Event: 1.846 Thread 0x000002c31ab50510 1708       3       jdk.internal.org.objectweb.asm.MethodWriter::visitFrameStart (55 bytes)
Event: 1.847 Thread 0x000002c31ab50510 nmethod 1708 0x000002c300321e90 code [0x000002c300322040, 0x000002c300322378]
Event: 1.847 Thread 0x000002c31ab50510 1709       3       jdk.internal.org.objectweb.asm.MethodWriter::visitFrameEnd (53 bytes)
Event: 1.848 Thread 0x000002c31ab50510 nmethod 1709 0x000002c300322510 code [0x000002c3003226e0, 0x000002c300322be8]
Event: 1.848 Thread 0x000002c31ab50510 1710       3       java.lang.invoke.MethodHandles$Lookup::findConstructor (61 bytes)
Event: 1.849 Thread 0x000002c31ab50510 nmethod 1710 0x000002c300322d10 code [0x000002c300322f80, 0x000002c3003237b8]
Event: 1.852 Thread 0x000002c31ab50510 1711       3       java.lang.invoke.LambdaFormEditor::getInCache (165 bytes)
Event: 1.853 Thread 0x000002c31ab50510 nmethod 1711 0x000002c300323b10 code [0x000002c300323d80, 0x000002c300324c98]
Event: 1.855 Thread 0x000002c31ab50510 1712       3       java.util.regex.Matcher::groupCount (10 bytes)
Event: 1.855 Thread 0x000002c31ab50510 nmethod 1712 0x000002c300325010 code [0x000002c3003251a0, 0x000002c3003252b8]
Event: 1.856 Thread 0x000002c31ab50510 1714       3       java.util.regex.Matcher::getTextLength (10 bytes)
Event: 1.856 Thread 0x000002c31ab50510 nmethod 1714 0x000002c300325390 code [0x000002c300325540, 0x000002c300325728]
Event: 1.856 Thread 0x000002c31ab50510 1713       3       java.util.regex.Matcher::start (65 bytes)

GC Heap History (2 events):
Event: 0.896 GC heap before
{Heap before GC invocations=0 (full 0):
 garbage-first heap   total 258048K, used 26624K [0x0000000705200000, 0x0000000800000000)
  region size 2048K, 11 young (22528K), 0 survivors (0K)
 Metaspace       used 9468K, committed 9664K, reserved 1114112K
  class space    used 1135K, committed 1216K, reserved 1048576K
}
Event: 0.901 GC heap after
{Heap after GC invocations=1 (full 0):
 garbage-first heap   total 258048K, used 8232K [0x0000000705200000, 0x0000000800000000)
  region size 2048K, 2 young (4096K), 2 survivors (4096K)
 Metaspace       used 9468K, committed 9664K, reserved 1114112K
  class space    used 1135K, committed 1216K, reserved 1048576K
}

Deoptimization events (20 events):
Event: 0.985 Thread 0x000002c377b69e20 DEOPT PACKING pc=0x000002c307b35a34 sp=0x000000e1001fbfc0
Event: 0.985 Thread 0x000002c377b69e20 DEOPT UNPACKING pc=0x000002c3075823a3 sp=0x000000e1001fbf48 mode 2
Event: 0.985 Thread 0x000002c377b69e20 Uncommon trap: trap_request=0xffffffde fr.pc=0x000002c307b35a34 relative=0x0000000000000114
Event: 0.985 Thread 0x000002c377b69e20 Uncommon trap: reason=class_check action=maybe_recompile pc=0x000002c307b35a34 method=jdk.internal.misc.Unsafe.allocateUninitializedArray(Ljava/lang/Class;I)Ljava/lang/Object; @ 51 c2
Event: 0.985 Thread 0x000002c377b69e20 DEOPT PACKING pc=0x000002c307b35a34 sp=0x000000e1001fbd30
Event: 0.985 Thread 0x000002c377b69e20 DEOPT UNPACKING pc=0x000002c3075823a3 sp=0x000000e1001fbcb8 mode 2
Event: 0.985 Thread 0x000002c377b69e20 Uncommon trap: trap_request=0xffffffde fr.pc=0x000002c307b35a34 relative=0x0000000000000114
Event: 0.985 Thread 0x000002c377b69e20 Uncommon trap: reason=class_check action=maybe_recompile pc=0x000002c307b35a34 method=jdk.internal.misc.Unsafe.allocateUninitializedArray(Ljava/lang/Class;I)Ljava/lang/Object; @ 51 c2
Event: 0.985 Thread 0x000002c377b69e20 DEOPT PACKING pc=0x000002c307b35a34 sp=0x000000e1001fbe50
Event: 0.985 Thread 0x000002c377b69e20 DEOPT UNPACKING pc=0x000002c3075823a3 sp=0x000000e1001fbdd8 mode 2
Event: 0.985 Thread 0x000002c377b69e20 Uncommon trap: trap_request=0xffffffde fr.pc=0x000002c307b35a34 relative=0x0000000000000114
Event: 0.985 Thread 0x000002c377b69e20 Uncommon trap: reason=class_check action=maybe_recompile pc=0x000002c307b35a34 method=jdk.internal.misc.Unsafe.allocateUninitializedArray(Ljava/lang/Class;I)Ljava/lang/Object; @ 51 c2
Event: 0.985 Thread 0x000002c377b69e20 DEOPT PACKING pc=0x000002c307b35a34 sp=0x000000e1001fc950
Event: 0.985 Thread 0x000002c377b69e20 DEOPT UNPACKING pc=0x000002c3075823a3 sp=0x000000e1001fc8d8 mode 2
Event: 1.022 Thread 0x000002c377b69e20 DEOPT PACKING pc=0x000002c3000f57bb sp=0x000000e1001f9570
Event: 1.022 Thread 0x000002c377b69e20 DEOPT UNPACKING pc=0x000002c307582b43 sp=0x000000e1001f89d0 mode 0
Event: 1.027 Thread 0x000002c31ab48a30 Uncommon trap: trap_request=0xffffff45 fr.pc=0x000002c307b1ab5c relative=0x0000000000000f3c
Event: 1.027 Thread 0x000002c31ab48a30 Uncommon trap: reason=unstable_if action=reinterpret pc=0x000002c307b1ab5c method=java.util.concurrent.ConcurrentHashMap.putVal(Ljava/lang/Object;Ljava/lang/Object;Z)Ljava/lang/Object; @ 256 c2
Event: 1.027 Thread 0x000002c31ab48a30 DEOPT PACKING pc=0x000002c307b1ab5c sp=0x000000e100bfe300
Event: 1.027 Thread 0x000002c31ab48a30 DEOPT UNPACKING pc=0x000002c3075823a3 sp=0x000000e100bfe278 mode 2

Classes unloaded (0 events):
No events

Classes redefined (0 events):
No events

Internal exceptions (20 events):
Event: 0.778 Thread 0x000002c377b69e20 Exception <a 'java/lang/NoSuchMethodError'{0x0000000713d7cb08}: 'java.lang.Object java.lang.invoke.DirectMethodHandle$Holder.invokeStaticInit(java.lang.Object, int, int, int, int)'> (0x0000000713d7cb08) 
thrown [s\open\src\hotspot\share\interpreter\linkResolver.cpp, line 759]
Event: 0.811 Thread 0x000002c377b69e20 Exception <a 'java/lang/NoSuchMethodError'{0x0000000713a44588}: 'java.lang.Object java.lang.invoke.DirectMethodHandle$Holder.invokeStaticInit(java.lang.Object, java.lang.Object, int, int, int, int)'> (0x0000000713a44588) 
thrown [s\open\src\hotspot\share\interpreter\linkResolver.cpp, line 759]
Event: 0.875 Thread 0x000002c377b69e20 Exception <a 'java/lang/NoSuchMethodError'{0x0000000713880368}: 'java.lang.Object java.lang.invoke.DirectMethodHandle$Holder.invokeInterface(java.lang.Object, java.lang.Object, java.lang.Object)'> (0x0000000713880368) 
thrown [s\open\src\hotspot\share\interpreter\linkResolver.cpp, line 759]
Event: 0.875 Thread 0x000002c377b69e20 Exception <a 'java/lang/IncompatibleClassChangeError'{0x0000000713883a30}: Found class java.lang.Object, but interface was expected> (0x0000000713883a30) 
thrown [s\open\src\hotspot\share\interpreter\linkResolver.cpp, line 826]
Event: 0.876 Thread 0x000002c377b69e20 Exception <a 'java/lang/NoSuchMethodError'{0x000000071388bed8}: 'int java.lang.invoke.DirectMethodHandle$Holder.invokeSpecialIFC(java.lang.Object, java.lang.Object, java.lang.Object, java.lang.Object)'> (0x000000071388bed8) 
thrown [s\open\src\hotspot\share\interpreter\linkResolver.cpp, line 759]
Event: 0.880 Thread 0x000002c377b69e20 Exception <a 'java/lang/NoSuchMethodError'{0x00000007138efb70}: 'java.lang.Object java.lang.invoke.DirectMethodHandle$Holder.invokeVirtual(java.lang.Object, java.lang.Object, java.lang.Object, java.lang.Object)'> (0x00000007138efb70) 
thrown [s\open\src\hotspot\share\interpreter\linkResolver.cpp, line 759]
Event: 0.905 Thread 0x000002c36083c170 Exception <a 'java/net/ConnectException'{0x0000000714c08710}: Connection refused: no further information> (0x0000000714c08710) 
thrown [s\open\src\hotspot\share\prims\jni.cpp, line 535]
Event: 0.905 Thread 0x000002c36083c170 Exception <a 'java/net/SocketException'{0x0000000714c08a48}: Socket is not connected: shutdown> (0x0000000714c08a48) 
thrown [s\open\src\hotspot\share\prims\jni.cpp, line 535]
Event: 0.932 Thread 0x000002c36083c170 Exception <a 'java/net/ConnectException'{0x0000000714c09a40}: Connection refused: no further information> (0x0000000714c09a40) 
thrown [s\open\src\hotspot\share\prims\jni.cpp, line 535]
Event: 0.932 Thread 0x000002c36083c170 Exception <a 'java/net/SocketException'{0x0000000714c09d78}: Socket is not connected: shutdown> (0x0000000714c09d78) 
thrown [s\open\src\hotspot\share\prims\jni.cpp, line 535]
Event: 0.986 Thread 0x000002c377b69e20 Exception <a 'java/lang/NoSuchMethodError'{0x0000000714a40528}: 'java.lang.Object java.lang.invoke.DirectMethodHandle$Holder.newInvokeSpecial(java.lang.Object, java.lang.Object, int, int)'> (0x0000000714a40528) 
thrown [s\open\src\hotspot\share\interpreter\linkResolver.cpp, line 759]
Event: 0.986 Thread 0x000002c377b69e20 Exception <a 'java/lang/NoSuchMethodError'{0x0000000714a4b270}: 'void java.lang.invoke.DirectMethodHandle$Holder.invokeStatic(java.lang.Object, java.lang.Object, int)'> (0x0000000714a4b270) 
thrown [s\open\src\hotspot\share\interpreter\linkResolver.cpp, line 759]
Event: 1.039 Thread 0x000002c377b69e20 Exception <a 'java/lang/NoSuchMethodError'{0x00000007146e74d8}: 'void java.lang.invoke.DirectMethodHandle$Holder.invokeSpecial(java.lang.Object, java.lang.Object, java.lang.Object)'> (0x00000007146e74d8) 
thrown [s\open\src\hotspot\share\interpreter\linkResolver.cpp, line 759]
Event: 1.059 Thread 0x000002c3608fc9d0 Exception <a 'java/lang/NoSuchMethodError'{0x00000007144277b8}: 'java.lang.Object java.lang.invoke.DirectMethodHandle$Holder.invokeSpecial(java.lang.Object, java.lang.Object, java.lang.Object, java.lang.Object, int)'> (0x00000007144277b8) 
thrown [s\open\src\hotspot\share\interpreter\linkResolver.cpp, line 759]
Event: 1.059 Thread 0x000002c3608fc9d0 Exception <a 'java/lang/NoSuchMethodError'{0x000000071442b380}: 'java.lang.Object java.lang.invoke.Invokers$Holder.linkToTargetMethod(java.lang.Object, java.lang.Object, int, java.lang.Object)'> (0x000000071442b380) 
thrown [s\open\src\hotspot\share\interpreter\linkResolver.cpp, line 759]
Event: 1.069 Thread 0x000002c3608fc9d0 Exception <a 'java/lang/NoSuchMethodError'{0x000000071447da08}: 'void java.lang.invoke.DirectMethodHandle$Holder.invokeSpecial(java.lang.Object, java.lang.Object, java.lang.Object, java.lang.Object, java.lang.Object)'> (0x000000071447da08) 
thrown [s\open\src\hotspot\share\interpreter\linkResolver.cpp, line 759]
Event: 1.711 Thread 0x000002c3608fcea0 Exception <a 'java/lang/NoSuchMethodError'{0x000000071455de50}: 'void java.lang.invoke.DirectMethodHandle$Holder.invokeSpecial(java.lang.Object, java.lang.Object, java.lang.Object, java.lang.Object, java.lang.Object, java.lang.Object, java.lang.Object)'> (0x000000071455de50) 
thrown [s\open\src\hotspot\share\interpreter\linkResolver.cpp, line 759]
Event: 1.739 Thread 0x000002c377b69e20 Exception <a 'java/lang/NoSuchMethodError'{0x00000007142cd2f0}: 'java.lang.Object java.lang.invoke.DirectMethodHandle$Holder.invokeSpecialIFC(java.lang.Object, java.lang.Object, java.lang.Object)'> (0x00000007142cd2f0) 
thrown [s\open\src\hotspot\share\interpreter\linkResolver.cpp, line 759]
Event: 1.846 Thread 0x000002c377b69e20 Exception <a 'java/lang/NoSuchMethodError'{0x00000007141d2398}: 'java.lang.Object java.lang.invoke.DirectMethodHandle$Holder.invokeStatic(java.lang.Object, int, java.lang.Object)'> (0x00000007141d2398) 
thrown [s\open\src\hotspot\share\interpreter\linkResolver.cpp, line 759]
Event: 1.854 Thread 0x000002c377b69e20 Exception <a 'java/lang/ClassNotFoundException'{0x00000007141ea3d0}: sun/util/logging/resources/spi/loggingProvider> (0x00000007141ea3d0) 
thrown [s\open\src\hotspot\share\classfile\systemDictionary.cpp, line 256]

VM Operations (20 events):
Event: 0.290 Executing VM operation: HandshakeAllThreads
Event: 0.290 Executing VM operation: HandshakeAllThreads done
Event: 0.294 Executing VM operation: HandshakeAllThreads
Event: 0.294 Executing VM operation: HandshakeAllThreads done
Event: 0.668 Executing VM operation: HandshakeAllThreads
Event: 0.668 Executing VM operation: HandshakeAllThreads done
Event: 0.736 Executing VM operation: ICBufferFull
Event: 0.736 Executing VM operation: ICBufferFull done
Event: 0.743 Executing VM operation: HandshakeAllThreads
Event: 0.743 Executing VM operation: HandshakeAllThreads done
Event: 0.816 Executing VM operation: HandshakeAllThreads
Event: 0.816 Executing VM operation: HandshakeAllThreads done
Event: 0.896 Executing VM operation: G1CollectForAllocation
Event: 0.901 Executing VM operation: G1CollectForAllocation done
Event: 0.966 Executing VM operation: HandshakeAllThreads
Event: 0.966 Executing VM operation: HandshakeAllThreads done
Event: 0.968 Executing VM operation: HandshakeAllThreads
Event: 0.968 Executing VM operation: HandshakeAllThreads done
Event: 1.020 Executing VM operation: HandshakeAllThreads
Event: 1.020 Executing VM operation: HandshakeAllThreads done

Events (20 events):
Event: 1.854 loading class java/util/ResourceBundle$CacheKeyReference done
Event: 1.854 loading class java/util/ResourceBundle$KeyElementReference done
Event: 1.854 loading class java/util/ResourceBundle$3
Event: 1.854 loading class java/util/ResourceBundle$3 done
Event: 1.854 loading class sun/util/logging/resources/logging
Event: 1.854 loading class sun/util/logging/resources/logging done
Event: 1.854 loading class java/util/ResourceBundle$BundleReference
Event: 1.854 loading class java/util/ResourceBundle$BundleReference done
Event: 1.854 loading class sun/util/logging/resources/logging_en
Event: 1.854 loading class sun/util/logging/resources/logging_en done
Event: 1.854 loading class sun/util/logging/resources/logging_en
Event: 1.854 loading class sun/util/logging/resources/logging_en done
Event: 1.855 loading class sun/util/logging/resources/logging_en_GB
Event: 1.855 loading class sun/util/logging/resources/logging_en_GB done
Event: 1.855 loading class sun/util/logging/resources/logging_en_GB
Event: 1.855 loading class sun/util/logging/resources/logging_en_GB done
Event: 1.855 loading class java/util/Formatter$DateTime
Event: 1.855 loading class java/util/Formatter$DateTime done
Event: 1.855 loading class java/time/ZonedDateTime$1
Event: 1.855 loading class java/time/ZonedDateTime$1 done


Dynamic libraries:
0x00007ff6a8ce0000 - 0x00007ff6a8cf0000 	C:\Program Files\Java\jdk-17\bin\java.exe
0x00007fffab6f0000 - 0x00007fffab907000 	C:\windows\SYSTEM32\ntdll.dll
0x00007fffaa570000 - 0x00007fffaa634000 	C:\windows\System32\KERNEL32.DLL
0x00007fffa8a60000 - 0x00007fffa8e05000 	C:\windows\System32\KERNELBASE.dll
0x00007fffa90a0000 - 0x00007fffa91b1000 	C:\windows\System32\ucrtbase.dll
0x00007fffa0a20000 - 0x00007fffa0a3b000 	C:\Program Files\Java\jdk-17\bin\VCRUNTIME140.dll
0x00007fffa0a40000 - 0x00007fffa0a59000 	C:\Program Files\Java\jdk-17\bin\jli.dll
0x00007fffaa4b0000 - 0x00007fffaa561000 	C:\windows\System32\ADVAPI32.dll
0x00007fffaa910000 - 0x00007fffaa9b7000 	C:\windows\System32\msvcrt.dll
0x00007fffa95c0000 - 0x00007fffa9666000 	C:\windows\System32\sechost.dll
0x00007fffa9dc0000 - 0x00007fffa9ed7000 	C:\windows\System32\RPCRT4.dll
0x00007fffab470000 - 0x00007fffab61e000 	C:\windows\System32\USER32.dll
0x00007fffa7c30000 - 0x00007fffa7ec3000 	C:\windows\WinSxS\amd64_microsoft.windows.common-controls_6595b64144ccf1df_6.0.22621.2506_none_270c5ae97388e100\COMCTL32.dll
0x00007fffa91c0000 - 0x00007fffa91e6000 	C:\windows\System32\win32u.dll
0x00007fffaa640000 - 0x00007fffaa669000 	C:\windows\System32\GDI32.dll
0x00007fffa8e10000 - 0x00007fffa8f29000 	C:\windows\System32\gdi32full.dll
0x00007fffa92e0000 - 0x00007fffa937a000 	C:\windows\System32\msvcp_win.dll
0x00007fff9fa10000 - 0x00007fff9fa1a000 	C:\windows\SYSTEM32\VERSION.dll
0x00007fffaa9e0000 - 0x00007fffaaa11000 	C:\windows\System32\IMM32.DLL
0x00007fffa3690000 - 0x00007fffa369c000 	C:\Program Files\Java\jdk-17\bin\vcruntime140_1.dll
0x00007fff93790000 - 0x00007fff9381e000 	C:\Program Files\Java\jdk-17\bin\msvcp140.dll
0x00007fff31b60000 - 0x00007fff3273e000 	C:\Program Files\Java\jdk-17\bin\server\jvm.dll
0x00007fffaa030000 - 0x00007fffaa038000 	C:\windows\System32\PSAPI.DLL
0x00007fffa3600000 - 0x00007fffa3609000 	C:\windows\SYSTEM32\WSOCK32.dll
0x00007fffaa430000 - 0x00007fffaa4a1000 	C:\windows\System32\WS2_32.dll
0x00007fffa06f0000 - 0x00007fffa0724000 	C:\windows\SYSTEM32\WINMM.dll
0x00007fffa7100000 - 0x00007fffa7118000 	C:\windows\SYSTEM32\kernel.appcore.dll
0x00007fffa35d0000 - 0x00007fffa35da000 	C:\Program Files\Java\jdk-17\bin\jimage.dll
0x00007fffa8380000 - 0x00007fffa85b3000 	C:\windows\SYSTEM32\DBGHELP.DLL
0x00007fffaa0a0000 - 0x00007fffaa429000 	C:\windows\System32\combase.dll
0x00007fffaa830000 - 0x00007fffaa907000 	C:\windows\System32\OLEAUT32.dll
0x00007fffa8240000 - 0x00007fffa8272000 	C:\windows\SYSTEM32\dbgcore.DLL
0x00007fffa9260000 - 0x00007fffa92da000 	C:\windows\System32\bcryptPrimitives.dll
0x00007fff95a30000 - 0x00007fff95a3e000 	C:\Program Files\Java\jdk-17\bin\instrument.dll
0x00007fffa09f0000 - 0x00007fffa0a15000 	C:\Program Files\Java\jdk-17\bin\java.dll
0x00007fff93610000 - 0x00007fff936e7000 	C:\Program Files\Java\jdk-17\bin\jsvml.dll
0x00007fffaaa20000 - 0x00007fffab279000 	C:\windows\System32\SHELL32.dll
0x00007fffa60b0000 - 0x00007fffa69a4000 	C:\windows\SYSTEM32\windows.storage.dll
0x00007fffa5f70000 - 0x00007fffa60ae000 	C:\windows\SYSTEM32\wintypes.dll
0x00007fffa9670000 - 0x00007fffa9763000 	C:\windows\System32\SHCORE.dll
0x00007fffab410000 - 0x00007fffab46e000 	C:\windows\System32\shlwapi.dll
0x00007fffa8990000 - 0x00007fffa89b6000 	C:\windows\SYSTEM32\profapi.dll
0x00007fff93900000 - 0x00007fff93918000 	C:\Program Files\Java\jdk-17\bin\zip.dll
0x00007fff95a10000 - 0x00007fff95a29000 	C:\Program Files\Java\jdk-17\bin\net.dll
0x00007fffa1b30000 - 0x00007fffa1c67000 	C:\windows\SYSTEM32\WINHTTP.dll
0x00007fffa7600000 - 0x00007fffa7669000 	C:\windows\system32\mswsock.dll
0x00007fff959f0000 - 0x00007fff95a06000 	C:\Program Files\Java\jdk-17\bin\nio.dll
0x00007fff938e0000 - 0x00007fff938fa000 	C:\Program Files\JetBrains\IntelliJ IDEA Community Edition 2023.2.2\bin\breakgen64.dll
0x00007fff959e0000 - 0x00007fff959f0000 	C:\Program Files\Java\jdk-17\bin\verify.dll
0x00007fffa6c80000 - 0x00007fffa6d79000 	C:\windows\SYSTEM32\DNSAPI.dll
0x00007fffa6c10000 - 0x00007fffa6c3d000 	C:\windows\SYSTEM32\IPHLPAPI.DLL
0x00007fffa9db0000 - 0x00007fffa9db9000 	C:\windows\System32\NSI.dll
0x00007fff9fcb0000 - 0x00007fff9fcba000 	C:\Windows\System32\rasadhlp.dll
0x00007fffa0100000 - 0x00007fffa0183000 	C:\windows\System32\fwpuclnt.dll
0x00007fffa8700000 - 0x00007fffa871b000 	C:\windows\SYSTEM32\CRYPTSP.dll
0x00007fffa7180000 - 0x00007fffa71b5000 	C:\windows\system32\rsaenh.dll
0x00007fffa7a30000 - 0x00007fffa7a5c000 	C:\windows\SYSTEM32\USERENV.dll
0x00007fffa8310000 - 0x00007fffa8338000 	C:\windows\SYSTEM32\bcrypt.dll
0x00007fffa7a60000 - 0x00007fffa7a6c000 	C:\windows\SYSTEM32\CRYPTBASE.dll
0x00007fffa1860000 - 0x00007fffa1879000 	C:\windows\SYSTEM32\dhcpcsvc6.DLL
0x00007fffa1300000 - 0x00007fffa131f000 	C:\windows\SYSTEM32\dhcpcsvc.DLL
0x00007fff938b0000 - 0x00007fff938be000 	C:\Program Files\Java\jdk-17\bin\sunmscapi.dll
0x00007fffa8f30000 - 0x00007fffa9096000 	C:\windows\System32\CRYPT32.dll
0x00007fffa7f10000 - 0x00007fffa7f3d000 	C:\windows\SYSTEM32\ncrypt.dll
0x00007fffa7ed0000 - 0x00007fffa7f07000 	C:\windows\SYSTEM32\NTASN1.dll
0x00007fff6ec90000 - 0x00007fff6ec98000 	C:\windows\system32\wshunix.dll

dbghelp: loaded successfully - version: 4.0.5 - missing functions: none
symbol engine: initialized successfully - sym options: 0x614 - pdb path: .;C:\Program Files\Java\jdk-17\bin;C:\windows\SYSTEM32;C:\windows\WinSxS\amd64_microsoft.windows.common-controls_6595b64144ccf1df_6.0.22621.2506_none_270c5ae97388e100;C:\Program Files\Java\jdk-17\bin\server;C:\Program Files\JetBrains\IntelliJ IDEA Community Edition 2023.2.2\bin

VM Arguments:
jvm_args: -ea -Didea.test.cyclic.buffer.size=1048576 -javaagent:C:\Program Files\JetBrains\IntelliJ IDEA Community Edition 2023.2.2\lib\idea_rt.jar=49845:C:\Program Files\JetBrains\IntelliJ IDEA Community Edition 2023.2.2\bin -Dfile.encoding=UTF-8 
java_command: com.intellij.rt.junit.JUnitStarter -ideVersion5 -junit4 desktops.DesktopsTest,verifyProductAddedToShoppingCartSuccessFully
java_class_path (initial): C:\Program Files\JetBrains\IntelliJ IDEA Community Edition 2023.2.2\lib\idea_rt.jar;C:\Program Files\JetBrains\IntelliJ IDEA Community Edition 2023.2.2\plugins\junit\lib\junit5-rt.jar;C:\Program Files\JetBrains\IntelliJ IDEA Community Edition 2023.2.2\plugins\junit\lib\junit-rt.jar;C:\Users\appat\IdeaProjects\com-tutorialsninja-sw-3\out\production\com-tutorialsninja-sw-3;C:\Users\appat\IdeaProjects\com-tutorialsninja-sw-3\jars\hamcrest-core-1.3.jar;C:\Users\appat\IdeaProjects\com-tutorialsninja-sw-3\jars\junit-4.13.2.jar;C:\Users\appat\IdeaProjects\com-tutorialsninja-sw-3\jars\selenium-server-4.15.0.jar
Launcher Type: SUN_STANDARD

[Global flags]
     intx CICompilerCount                          = 4                                         {product} {ergonomic}
     uint ConcGCThreads                            = 3                                         {product} {ergonomic}
     uint G1ConcRefinementThreads                  = 10                                        {product} {ergonomic}
   size_t G1HeapRegionSize                         = 2097152                                   {product} {ergonomic}
    uintx GCDrainStackTargetSize                   = 64                                        {product} {ergonomic}
   size_t InitialHeapSize                          = 264241152                                 {product} {ergonomic}
   size_t MarkStackSize                            = 4194304                                   {product} {ergonomic}
   size_t MaxHeapSize                              = 4208984064                                {product} {ergonomic}
   size_t MaxNewSize                               = 2524971008                                {product} {ergonomic}
   size_t MinHeapDeltaBytes                        = 2097152                                   {product} {ergonomic}
   size_t MinHeapSize                              = 8388608                                   {product} {ergonomic}
    uintx NonNMethodCodeHeapSize                   = 5839372                                {pd product} {ergonomic}
    uintx NonProfiledCodeHeapSize                  = 122909434                              {pd product} {ergonomic}
    uintx ProfiledCodeHeapSize                     = 122909434                              {pd product} {ergonomic}
    uintx ReservedCodeCacheSize                    = 251658240                              {pd product} {ergonomic}
     bool SegmentedCodeCache                       = true                                      {product} {ergonomic}
   size_t SoftMaxHeapSize                          = 4208984064                             {manageable} {ergonomic}
     bool UseCompressedClassPointers               = true                           {product lp64_product} {ergonomic}
     bool UseCompressedOops                        = true                           {product lp64_product} {ergonomic}
     bool UseG1GC                                  = true                                      {product} {ergonomic}
     bool UseLargePagesIndividualAllocation        = false                                  {pd product} {ergonomic}

Logging:
Log output configuration:
 #0: stdout all=warning uptime,level,tags
 #1: stderr all=off uptime,level,tags

Environment Variables:
JAVA_HOME=C:\Program Files\Java\jdk-17
PATH=C:\Program Files\Common Files\Oracle\Java\javapath;C:\windows\system32;C:\windows;C:\windows\System32\Wbem;C:\windows\System32\WindowsPowerShell\v1.0\;C:\windows\System32\OpenSSH\;C:\Program Files\Java\jdk-17\bin;C:\Program Files\Git\cmd;C:\Users\appat\AppData\Local\Microsoft\WindowsApps;
USERNAME=appat
OS=Windows_NT
PROCESSOR_IDENTIFIER=Intel64 Family 6 Model 154 Stepping 4, GenuineIntel



---------------  S Y S T E M  ---------------

OS:
 Windows 11 , 64 bit Build 22621 (10.0.22621.2506)
OS uptime: 0 days 23:29 hours
Hyper-V role detected

CPU: total 12 (initial active 12) (6 cores per cpu, 2 threads per core) family 6 model 154 stepping 4 microcode 0x42c, cx8, cmov, fxsr, ht, mmx, 3dnowpref, sse, sse2, sse3, ssse3, sse4.1, sse4.2, popcnt, lzcnt, tsc, tscinvbit, avx, avx2, aes, erms, clmul, bmi1, bmi2, adx, sha, fma, vzeroupper, clflush, clflushopt, clwb, hv

Memory: 4k page, system-wide physical 16055M (7459M free)
TotalPageFile size 17079M (AvailPageFile size 6858M)
current process WorkingSet (physical memory assigned to process): 101M, peak: 101M
current process commit charge ("private bytes"): 377M, peak: 377M

vm_info: Java HotSpot(TM) 64-Bit Server VM (17.0.8+9-LTS-211) for windows-amd64 JRE (17.0.8+9-LTS-211), built on Jun 14 2023 10:34:31 by "mach5one" with MS VC++ 17.1 (VS2022)

END.
