#
# A fatal error has been detected by the Java Runtime Environment:
#
#  EXCEPTION_ACCESS_VIOLATION (0xc0000005) at pc=0x00007fff31ec6c7c, pid=1200, tid=21608
#
# JRE version: Java(TM) SE Runtime Environment (17.0.8+9) (build 17.0.8+9-LTS-211)
# Java VM: Java HotSpot(TM) 64-Bit Server VM (17.0.8+9-LTS-211, mixed mode, sharing, tiered, compressed oops, compressed class ptrs, g1 gc, windows-amd64)
# Problematic frame:
# V  [jvm.dll+0x366c7c]
#
# No core dump will be written. Minidumps are not enabled by default on client versions of Windows
#
# If you would like to submit a bug report, please visit:
#   https://bugreport.java.com/bugreport/crash.jsp
#

---------------  S U M M A R Y ------------

Command Line: -ea -Didea.test.cyclic.buffer.size=1048576 -javaagent:C:\Program Files\JetBrains\IntelliJ IDEA Community Edition 2023.2.2\lib\idea_rt.jar=50572:C:\Program Files\JetBrains\IntelliJ IDEA Community Edition 2023.2.2\bin -Dfile.encoding=UTF-8 com.intellij.rt.junit.JUnitStarter -ideVersion5 -junit4 desktops.DesktopsTest,verifyProductAddedToShoppingCartSuccessFully

Host: 12th Gen Intel(R) Core(TM) i7-1255U, 12 cores, 15G,  Windows 11 , 64 bit Build 22621 (10.0.22621.2506)
Time: Mon Nov 27 19:24:55 2023 GMT Standard Time elapsed time: 1.783326 seconds (0d 0h 0m 1s)

---------------  T H R E A D  ---------------

Current thread (0x00000264fef8e560):  JavaThread "C2 CompilerThread0" daemon [_thread_in_native, id=21608, stack(0x000000c4e6300000,0x000000c4e6400000)]


Current CompileTask:
C2:   1783 1621       4       java.lang.invoke.MethodType::makeImpl (109 bytes)

Stack: [0x000000c4e6300000,0x000000c4e6400000],  sp=0x000000c4e63fb8b0,  free space=1006k
Native frames: (J=compiled Java code, j=interpreted, Vv=VM code, C=native code)
V  [jvm.dll+0x366c7c]
V  [jvm.dll+0x1be9ae]
V  [jvm.dll+0x1bb539]
V  [jvm.dll+0x218157]
V  [jvm.dll+0x217431]
V  [jvm.dll+0x1a3af0]
V  [jvm.dll+0x2270be]
V  [jvm.dll+0x22535b]
V  [jvm.dll+0x78e7bc]
V  [jvm.dll+0x788bba]
V  [jvm.dll+0x676b35]
C  [ucrtbase.dll+0x29363]
C  [KERNEL32.DLL+0x1257d]
C  [ntdll.dll+0x5aa58]


siginfo: EXCEPTION_ACCESS_VIOLATION (0xc0000005), reading address 0x00007fee326677e8


Register to memory mapping:

RIP=0x00007fff31ec6c7c jvm.dll
RAX=0x00000264cc0ee0a0 points into unknown readable memory: 0x00000264cc0efaa0 | a0 fa 0e cc 64 02 00 00
RBX=0x000000c4e63fb970 is pointing into the stack for thread: 0x00000264fef8e560
RCX=0x00000264cc0ee060 points into unknown readable memory: 0x0000000000000000 | 00 00 00 00 00 00 00 00
RDX=0x0000000000000050 is an unknown value
RSP=0x000000c4e63fb8b0 is pointing into the stack for thread: 0x00000264fef8e560
RBP=0x00007fee326677e8 is an unknown value
RSI=0x000000c4e63fe820 is pointing into the stack for thread: 0x00000264fef8e560
RDI=0x000000000000000a is an unknown value
R8 =0x00007fff326677e8 jvm.dll
R9 =0x0000000000000002 is an unknown value
R10=0x00000264cc0ee038 points into unknown readable memory: 0x0000000000000000 | 00 00 00 00 00 00 00 00
R11=0x0 is NULL
R12=0x00000264fef82c38 points into unknown readable memory: 0x00000264fef64140 | 40 41 f6 fe 64 02 00 00
R13=0x0000000000000020 is an unknown value
R14=0x0000000000000050 is an unknown value
R15=0x00000264cc90e120 points into unknown readable memory: 0x0000000300000014 | 14 00 00 00 03 00 00 00


Registers:
RAX=0x00000264cc0ee0a0, RBX=0x000000c4e63fb970, RCX=0x00000264cc0ee060, RDX=0x0000000000000050
RSP=0x000000c4e63fb8b0, RBP=0x00007fee326677e8, RSI=0x000000c4e63fe820, RDI=0x000000000000000a
R8 =0x00007fff326677e8, R9 =0x0000000000000002, R10=0x00000264cc0ee038, R11=0x0000000000000000
R12=0x00000264fef82c38, R13=0x0000000000000020, R14=0x0000000000000050, R15=0x00000264cc90e120
RIP=0x00007fff31ec6c7c, EFLAGS=0x0000000000010206

Top of Stack: (sp=0x000000c4e63fb8b0)
0x000000c4e63fb8b0:   00000264cc0bfcf8 00007fff322fc340
0x000000c4e63fb8c0:   00000000000007d3 00000264cc371cd8
0x000000c4e63fb8d0:   0000000000000001 00000264cc4e93b8
0x000000c4e63fb8e0:   0000000000000002 000000000000018a
0x000000c4e63fb8f0:   000000c4e63fba00 00007fff31d1e9ae
0x000000c4e63fb900:   0000000000000000 000000c4e63fbee0
0x000000c4e63fb910:   0000000000000003 0000000100000000
0x000000c4e63fb920:   00000264ccb20940 00000264ccb98ea0
0x000000c4e63fb930:   0000000000000000 00000003000002a5
0x000000c4e63fb940:   0000000300000003 00000264cc0ee020
0x000000c4e63fb950:   000000c4e63fb980 000000c4e63fb970
0x000000c4e63fb960:   00000264cc4e93b8 00000264ccb98c10
0x000000c4e63fb970:   0000000300000014 000000c4e63fb980
0x000000c4e63fb980:   00000264cc0ee020 00000264cc0edfe0
0x000000c4e63fb990:   00000264cc0edfa0 00007fff326677e8
0x000000c4e63fb9a0:   00007fff326677e8 00007fff326677e8 

Instructions: (pc=0x00007fff31ec6c7c)
0x00007fff31ec6b7c:   d0 04 00 00 48 8b 81 80 00 00 00 48 8b b8 c8 08
0x00007fff31ec6b8c:   00 00 48 8b c6 48 f7 d0 48 3b 47 18 73 12 4c 8d
0x00007fff31ec6b9c:   05 f7 4e 55 00 48 8b d6 48 8b cf e8 a4 47 d4 ff
0x00007fff31ec6bac:   48 8b 47 18 48 8d 0c 30 48 3b 4f 20 76 10 45 33
0x00007fff31ec6bbc:   c0 48 8b d6 48 8b cf e8 08 44 d4 ff eb 04 48 89
0x00007fff31ec6bcc:   4f 18 ba 50 00 00 00 33 ff 48 89 43 08 39 bb 90
0x00007fff31ec6bdc:   00 00 00 0f 86 d2 00 00 00 65 48 8b 04 25 58 00
0x00007fff31ec6bec:   00 00 48 8d 0d f3 0b 7a 00 4c 89 64 24 50 4c 89
0x00007fff31ec6bfc:   74 24 58 4c 8d 24 e8 0f 1f 40 00 66 0f 1f 84 00
0x00007fff31ec6c0c:   00 00 00 00 49 8b 47 08 4c 8d 34 fd 00 00 00 00
0x00007fff31ec6c1c:   49 8b 2c 06 48 3b e9 75 0a 48 8b 43 08 49 89 0c
0x00007fff31ec6c2c:   06 eb 6b 49 8b 34 24 80 3c 16 00 75 05 e8 ae e8
0x00007fff31ec6c3c:   4c 00 4a 8b 04 2e 48 8b 88 d0 04 00 00 48 8b b1
0x00007fff31ec6c4c:   80 00 00 00 48 8b 8e d0 08 00 00 48 85 c9 75 0c
0x00007fff31ec6c5c:   e8 ff 0a 00 00 48 8b 8e d0 08 00 00 48 8b 01 0f
0x00007fff31ec6c6c:   57 c0 48 89 86 d0 08 00 00 0f 11 01 0f 11 41 10
0x00007fff31ec6c7c:   0f 10 45 00 0f 11 01 0f 10 4d 10 0f 11 49 10 48
0x00007fff31ec6c8c:   8b 43 08 49 89 0c 06 48 8d 0d 4e 0b 7a 00 ff c7
0x00007fff31ec6c9c:   ba 50 00 00 00 3b bb 90 00 00 00 0f 82 63 ff ff
0x00007fff31ec6cac:   ff 4c 8b 74 24 58 4c 8b 64 24 50 48 8b c3 48 8b
0x00007fff31ec6cbc:   5c 24 60 48 83 c4 20 41 5f 41 5d 5f 5e 5d c3 cc
0x00007fff31ec6ccc:   cc cc cc cc 48 89 74 24 18 57 48 83 ec 20 8b 51
0x00007fff31ec6cdc:   0c 48 8b f9 83 fa 04 73 29 48 8b 49 18 0f 1f 80
0x00007fff31ec6cec:   00 00 00 00 8b c2 44 8d 4a 01 48 83 3c c1 00 4c
0x00007fff31ec6cfc:   8d 14 c1 0f 85 91 00 00 00 41 8b d1 41 83 f9 04
0x00007fff31ec6d0c:   72 e2 48 89 5c 24 30 8b 5f 10 48 89 6c 24 38 3b
0x00007fff31ec6d1c:   5f 14 73 5f 48 8d 2d c1 0a 7a 00 66 0f 1f 84 00
0x00007fff31ec6d2c:   00 00 00 00 48 8b 47 20 8b cb 48 8b 14 c8 48 3b
0x00007fff31ec6d3c:   d5 74 39 33 c0 48 89 57 18 33 c9 66 0f 1f 84 00
0x00007fff31ec6d4c:   00 00 00 00 48 83 3c 11 00 44 8d 48 01 75 78 48
0x00007fff31ec6d5c:   83 c1 08 41 8b c1 41 83 f9 04 72 e8 48 8b 4f 28
0x00007fff31ec6d6c:   48 85 c9 74 07 8b d3 e8 58 01 00 00 ff c3 3b 5f 


Stack slot to memory mapping:
stack at sp + 0 slots: 0x00000264cc0bfcf8 points into unknown readable memory: 0x00007fff323be6c8 | c8 e6 3b 32 ff 7f 00 00
stack at sp + 1 slots: 0x00007fff322fc340 jvm.dll
stack at sp + 2 slots: 0x00000000000007d3 is an unknown value
stack at sp + 3 slots: 0x00000264cc371cd8 points into unknown readable memory: 0x00007fff324c4798 | 98 47 4c 32 ff 7f 00 00
stack at sp + 4 slots: 0x0000000000000001 is an unknown value
stack at sp + 5 slots: 0x00000264cc4e93b8 points into unknown readable memory: 0x00007fff32420b30 | 30 0b 42 32 ff 7f 00 00
stack at sp + 6 slots: 0x0000000000000002 is an unknown value
stack at sp + 7 slots: 0x000000000000018a is an unknown value


---------------  P R O C E S S  ---------------

Threads class SMR info:
_java_thread_list=0x00000264cbb84300, length=28, elements={
0x00000264dfed9290, 0x00000264fef75e30, 0x00000264fef76ca0, 0x00000264fef871a0,
0x00000264fef88d60, 0x00000264fef8c730, 0x00000264fef8d0e0, 0x00000264fef8e560,
0x00000264fef8f000, 0x00000264fef95910, 0x00000264cb111f40, 0x00000264cb1a5c00,
0x00000264cb1a64e0, 0x00000264cb8fc820, 0x00000264cba5fe60, 0x00000264cba7ec90,
0x00000264cba811c0, 0x00000264cb970640, 0x00000264cba9b930, 0x00000264cbae7390,
0x00000264cbb03800, 0x00000264cbb03cd0, 0x00000264cbb00cb0, 0x00000264cbb024c0,
0x00000264cbb02990, 0x00000264cbb01180, 0x00000264cbb041a0, 0x00000264cc295c00
}

Java Threads: ( => current thread )
  0x00000264dfed9290 JavaThread "Forwarding get on session 5c3fa238eed96604764b78fa143fad61 to remote" [_thread_blocked, id=12032, stack(0x000000c4e5600000,0x000000c4e5700000)]
  0x00000264fef75e30 JavaThread "Reference Handler" daemon [_thread_blocked, id=4452, stack(0x000000c4e5d00000,0x000000c4e5e00000)]
  0x00000264fef76ca0 JavaThread "Finalizer" daemon [_thread_blocked, id=8628, stack(0x000000c4e5e00000,0x000000c4e5f00000)]
  0x00000264fef871a0 JavaThread "Signal Dispatcher" daemon [_thread_blocked, id=11148, stack(0x000000c4e5f00000,0x000000c4e6000000)]
  0x00000264fef88d60 JavaThread "Attach Listener" daemon [_thread_blocked, id=13124, stack(0x000000c4e6000000,0x000000c4e6100000)]
  0x00000264fef8c730 JavaThread "Service Thread" daemon [_thread_blocked, id=10912, stack(0x000000c4e6100000,0x000000c4e6200000)]
  0x00000264fef8d0e0 JavaThread "Monitor Deflation Thread" daemon [_thread_blocked, id=18068, stack(0x000000c4e6200000,0x000000c4e6300000)]
=>0x00000264fef8e560 JavaThread "C2 CompilerThread0" daemon [_thread_in_native, id=21608, stack(0x000000c4e6300000,0x000000c4e6400000)]
  0x00000264fef8f000 JavaThread "C1 CompilerThread0" daemon [_thread_blocked, id=6496, stack(0x000000c4e6400000,0x000000c4e6500000)]
  0x00000264fef95910 JavaThread "Sweeper thread" daemon [_thread_blocked, id=18468, stack(0x000000c4e6500000,0x000000c4e6600000)]
  0x00000264cb111f40 JavaThread "Common-Cleaner" daemon [_thread_blocked, id=14340, stack(0x000000c4e6600000,0x000000c4e6700000)]
  0x00000264cb1a5c00 JavaThread "Monitor Ctrl-Break" daemon [_thread_in_native, id=17768, stack(0x000000c4e6800000,0x000000c4e6900000)]
  0x00000264cb1a64e0 JavaThread "Notification Thread" daemon [_thread_blocked, id=8844, stack(0x000000c4e6900000,0x000000c4e6a00000)]
  0x00000264cb8fc820 JavaThread "ForkJoinPool.commonPool-worker-1" daemon [_thread_blocked, id=15208, stack(0x000000c4e6700000,0x000000c4e6800000)]
  0x00000264cba5fe60 JavaThread "HttpClient-1-SelectorManager" daemon [_thread_in_native, id=9280, stack(0x000000c4e6c00000,0x000000c4e6d00000)]
  0x00000264cba7ec90 JavaThread "Thread-2" [_thread_in_native, id=21060, stack(0x000000c4e6d00000,0x000000c4e6e00000)]
  0x00000264cba811c0 JavaThread "Driver Service Executor" daemon [_thread_blocked, id=18104, stack(0x000000c4e6e00000,0x000000c4e6f00000)]
  0x00000264cb970640 JavaThread "Driver Service Executor" daemon [_thread_in_native, id=16340, stack(0x000000c4e6f00000,0x000000c4e7000000)]
  0x00000264cba9b930 JavaThread "UrlChecker-2" daemon [_thread_blocked, id=2808, stack(0x000000c4e7000000,0x000000c4e7100000)]
  0x00000264cbae7390 JavaThread "Keep-Alive-Timer" daemon [_thread_blocked, id=12476, stack(0x000000c4e7b00000,0x000000c4e7c00000)]
  0x00000264cbb03800 JavaThread "pool-1-thread-1" [_thread_blocked, id=7592, stack(0x000000c4e7c00000,0x000000c4e7d00000)]
  0x00000264cbb03cd0 JavaThread "pool-1-thread-2" [_thread_blocked, id=19312, stack(0x000000c4e7d00000,0x000000c4e7e00000)]
  0x00000264cbb00cb0 JavaThread "pool-1-thread-3" [_thread_blocked, id=2848, stack(0x000000c4e7e00000,0x000000c4e7f00000)]
  0x00000264cbb024c0 JavaThread "HttpClient-2-SelectorManager" daemon [_thread_in_native, id=9884, stack(0x000000c4e6b00000,0x000000c4e6c00000)]
  0x00000264cbb02990 JavaThread "pool-2-thread-1" [_thread_blocked, id=19544, stack(0x000000c4e7f00000,0x000000c4e8000000)]
  0x00000264cbb01180 JavaThread "pool-2-thread-2" [_thread_blocked, id=904, stack(0x000000c4e8000000,0x000000c4e8100000)]
  0x00000264cbb041a0 JavaThread "pool-2-thread-3" [_thread_blocked, id=20336, stack(0x000000c4e8100000,0x000000c4e8200000)]
  0x00000264cc295c00 JavaThread "C2 CompilerThread1" daemon [_thread_blocked, id=19624, stack(0x000000c4e8200000,0x000000c4e8300000)]

Other Threads:
  0x00000264fef70690 VMThread "VM Thread" [stack: 0x000000c4e5c00000,0x000000c4e5d00000] [id=4364]
  0x00000264dff5df40 WatcherThread [stack: 0x000000c4e6a00000,0x000000c4e6b00000] [id=1104]
  0x00000264dff44d40 GCTaskThread "GC Thread#0" [stack: 0x000000c4e5700000,0x000000c4e5800000] [id=7008]
  0x00000264cba8fcc0 GCTaskThread "GC Thread#1" [stack: 0x000000c4e7100000,0x000000c4e7200000] [id=7132]
  0x00000264cba8ff70 GCTaskThread "GC Thread#2" [stack: 0x000000c4e7200000,0x000000c4e7300000] [id=10804]
  0x00000264cba90220 GCTaskThread "GC Thread#3" [stack: 0x000000c4e7300000,0x000000c4e7400000] [id=17264]
  0x00000264cba904d0 GCTaskThread "GC Thread#4" [stack: 0x000000c4e7400000,0x000000c4e7500000] [id=960]
  0x00000264cbabde90 GCTaskThread "GC Thread#5" [stack: 0x000000c4e7500000,0x000000c4e7600000] [id=19732]
  0x00000264cbae28b0 GCTaskThread "GC Thread#6" [stack: 0x000000c4e7600000,0x000000c4e7700000] [id=16040]
  0x00000264cbae2b60 GCTaskThread "GC Thread#7" [stack: 0x000000c4e7700000,0x000000c4e7800000] [id=21516]
  0x00000264cbae4e20 GCTaskThread "GC Thread#8" [stack: 0x000000c4e7800000,0x000000c4e7900000] [id=12168]
  0x00000264cbae50d0 GCTaskThread "GC Thread#9" [stack: 0x000000c4e7900000,0x000000c4e7a00000] [id=14732]
  0x00000264dff55750 ConcurrentGCThread "G1 Main Marker" [stack: 0x000000c4e5800000,0x000000c4e5900000] [id=9188]
  0x00000264dff56160 ConcurrentGCThread "G1 Conc#0" [stack: 0x000000c4e5900000,0x000000c4e5a00000] [id=15660]
  0x00000264dffad010 ConcurrentGCThread "G1 Refine#0" [stack: 0x000000c4e5a00000,0x000000c4e5b00000] [id=19452]
  0x00000264dffaea40 ConcurrentGCThread "G1 Service" [stack: 0x000000c4e5b00000,0x000000c4e5c00000] [id=1768]

Threads with active compile tasks:
C2 CompilerThread0     1828 1621       4       java.lang.invoke.MethodType::makeImpl (109 bytes)

VM state: not at safepoint (normal execution)

VM Mutex/Monitor currently owned by a thread: None

Heap address: 0x0000000705200000, size: 4014 MB, Compressed Oops mode: Zero based, Oop shift amount: 3

CDS archive(s) mapped at: [0x0000026486000000-0x0000026486bd0000-0x0000026486bd0000), size 12386304, SharedBaseAddress: 0x0000026486000000, ArchiveRelocationMode: 1.
Compressed class space mapped at: 0x0000026487000000-0x00000264c7000000, reserved size: 1073741824
Narrow klass base: 0x0000026486000000, Narrow klass shift: 0, Narrow klass range: 0x100000000

GC Precious Log:
 CPUs: 12 total, 12 available
 Memory: 16055M
 Large Page Support: Disabled
 NUMA Support: Disabled
 Compressed Oops: Enabled (Zero based)
 Heap Region Size: 2M
 Heap Min Capacity: 8M
 Heap Initial Capacity: 252M
 Heap Max Capacity: 4014M
 Pre-touch: Disabled
 Parallel Workers: 10
 Concurrent Workers: 3
 Concurrent Refinement Workers: 10
 Periodic GC: Disabled

Heap:
 garbage-first heap   total 258048K, used 22528K [0x0000000705200000, 0x0000000800000000)
  region size 2048K, 10 young (20480K), 2 survivors (4096K)
 Metaspace       used 14013K, committed 14272K, reserved 1114112K
  class space    used 1743K, committed 1856K, reserved 1048576K

Heap Regions: E=young(eden), S=young(survivor), O=old, HS=humongous(starts), HC=humongous(continues), CS=collection set, F=free, OA=open archive, CA=closed archive, TAMS=top-at-mark-start (previous, next)
|   0|0x0000000705200000, 0x0000000705400000, 0x0000000705400000|100%|HS|  |TAMS 0x0000000705200000, 0x0000000705200000| Complete 
|   1|0x0000000705400000, 0x0000000705600000, 0x0000000705600000|100%|HC|  |TAMS 0x0000000705400000, 0x0000000705400000| Complete 
|   2|0x0000000705600000, 0x0000000705600000, 0x0000000705800000|  0%| F|  |TAMS 0x0000000705600000, 0x0000000705600000| Untracked 
|   3|0x0000000705800000, 0x0000000705800000, 0x0000000705a00000|  0%| F|  |TAMS 0x0000000705800000, 0x0000000705800000| Untracked 
|   4|0x0000000705a00000, 0x0000000705a00000, 0x0000000705c00000|  0%| F|  |TAMS 0x0000000705a00000, 0x0000000705a00000| Untracked 
|   5|0x0000000705c00000, 0x0000000705c00000, 0x0000000705e00000|  0%| F|  |TAMS 0x0000000705c00000, 0x0000000705c00000| Untracked 
|   6|0x0000000705e00000, 0x0000000705e00000, 0x0000000706000000|  0%| F|  |TAMS 0x0000000705e00000, 0x0000000705e00000| Untracked 
|   7|0x0000000706000000, 0x0000000706000000, 0x0000000706200000|  0%| F|  |TAMS 0x0000000706000000, 0x0000000706000000| Untracked 
|   8|0x0000000706200000, 0x0000000706200000, 0x0000000706400000|  0%| F|  |TAMS 0x0000000706200000, 0x0000000706200000| Untracked 
|   9|0x0000000706400000, 0x0000000706400000, 0x0000000706600000|  0%| F|  |TAMS 0x0000000706400000, 0x0000000706400000| Untracked 
|  10|0x0000000706600000, 0x0000000706600000, 0x0000000706800000|  0%| F|  |TAMS 0x0000000706600000, 0x0000000706600000| Untracked 
|  11|0x0000000706800000, 0x0000000706800000, 0x0000000706a00000|  0%| F|  |TAMS 0x0000000706800000, 0x0000000706800000| Untracked 
|  12|0x0000000706a00000, 0x0000000706a00000, 0x0000000706c00000|  0%| F|  |TAMS 0x0000000706a00000, 0x0000000706a00000| Untracked 
|  13|0x0000000706c00000, 0x0000000706c00000, 0x0000000706e00000|  0%| F|  |TAMS 0x0000000706c00000, 0x0000000706c00000| Untracked 
|  14|0x0000000706e00000, 0x0000000706e00000, 0x0000000707000000|  0%| F|  |TAMS 0x0000000706e00000, 0x0000000706e00000| Untracked 
|  15|0x0000000707000000, 0x0000000707000000, 0x0000000707200000|  0%| F|  |TAMS 0x0000000707000000, 0x0000000707000000| Untracked 
|  16|0x0000000707200000, 0x0000000707200000, 0x0000000707400000|  0%| F|  |TAMS 0x0000000707200000, 0x0000000707200000| Untracked 
|  17|0x0000000707400000, 0x0000000707400000, 0x0000000707600000|  0%| F|  |TAMS 0x0000000707400000, 0x0000000707400000| Untracked 
|  18|0x0000000707600000, 0x0000000707600000, 0x0000000707800000|  0%| F|  |TAMS 0x0000000707600000, 0x0000000707600000| Untracked 
|  19|0x0000000707800000, 0x0000000707800000, 0x0000000707a00000|  0%| F|  |TAMS 0x0000000707800000, 0x0000000707800000| Untracked 
|  20|0x0000000707a00000, 0x0000000707a00000, 0x0000000707c00000|  0%| F|  |TAMS 0x0000000707a00000, 0x0000000707a00000| Untracked 
|  21|0x0000000707c00000, 0x0000000707c00000, 0x0000000707e00000|  0%| F|  |TAMS 0x0000000707c00000, 0x0000000707c00000| Untracked 
|  22|0x0000000707e00000, 0x0000000707e00000, 0x0000000708000000|  0%| F|  |TAMS 0x0000000707e00000, 0x0000000707e00000| Untracked 
|  23|0x0000000708000000, 0x0000000708000000, 0x0000000708200000|  0%| F|  |TAMS 0x0000000708000000, 0x0000000708000000| Untracked 
|  24|0x0000000708200000, 0x0000000708200000, 0x0000000708400000|  0%| F|  |TAMS 0x0000000708200000, 0x0000000708200000| Untracked 
|  25|0x0000000708400000, 0x0000000708400000, 0x0000000708600000|  0%| F|  |TAMS 0x0000000708400000, 0x0000000708400000| Untracked 
|  26|0x0000000708600000, 0x0000000708600000, 0x0000000708800000|  0%| F|  |TAMS 0x0000000708600000, 0x0000000708600000| Untracked 
|  27|0x0000000708800000, 0x0000000708800000, 0x0000000708a00000|  0%| F|  |TAMS 0x0000000708800000, 0x0000000708800000| Untracked 
|  28|0x0000000708a00000, 0x0000000708a00000, 0x0000000708c00000|  0%| F|  |TAMS 0x0000000708a00000, 0x0000000708a00000| Untracked 
|  29|0x0000000708c00000, 0x0000000708c00000, 0x0000000708e00000|  0%| F|  |TAMS 0x0000000708c00000, 0x0000000708c00000| Untracked 
|  30|0x0000000708e00000, 0x0000000708e00000, 0x0000000709000000|  0%| F|  |TAMS 0x0000000708e00000, 0x0000000708e00000| Untracked 
|  31|0x0000000709000000, 0x0000000709000000, 0x0000000709200000|  0%| F|  |TAMS 0x0000000709000000, 0x0000000709000000| Untracked 
|  32|0x0000000709200000, 0x0000000709200000, 0x0000000709400000|  0%| F|  |TAMS 0x0000000709200000, 0x0000000709200000| Untracked 
|  33|0x0000000709400000, 0x0000000709400000, 0x0000000709600000|  0%| F|  |TAMS 0x0000000709400000, 0x0000000709400000| Untracked 
|  34|0x0000000709600000, 0x0000000709600000, 0x0000000709800000|  0%| F|  |TAMS 0x0000000709600000, 0x0000000709600000| Untracked 
|  35|0x0000000709800000, 0x0000000709800000, 0x0000000709a00000|  0%| F|  |TAMS 0x0000000709800000, 0x0000000709800000| Untracked 
|  36|0x0000000709a00000, 0x0000000709a00000, 0x0000000709c00000|  0%| F|  |TAMS 0x0000000709a00000, 0x0000000709a00000| Untracked 
|  37|0x0000000709c00000, 0x0000000709c00000, 0x0000000709e00000|  0%| F|  |TAMS 0x0000000709c00000, 0x0000000709c00000| Untracked 
|  38|0x0000000709e00000, 0x0000000709e00000, 0x000000070a000000|  0%| F|  |TAMS 0x0000000709e00000, 0x0000000709e00000| Untracked 
|  39|0x000000070a000000, 0x000000070a000000, 0x000000070a200000|  0%| F|  |TAMS 0x000000070a000000, 0x000000070a000000| Untracked 
|  40|0x000000070a200000, 0x000000070a200000, 0x000000070a400000|  0%| F|  |TAMS 0x000000070a200000, 0x000000070a200000| Untracked 
|  41|0x000000070a400000, 0x000000070a400000, 0x000000070a600000|  0%| F|  |TAMS 0x000000070a400000, 0x000000070a400000| Untracked 
|  42|0x000000070a600000, 0x000000070a600000, 0x000000070a800000|  0%| F|  |TAMS 0x000000070a600000, 0x000000070a600000| Untracked 
|  43|0x000000070a800000, 0x000000070a800000, 0x000000070aa00000|  0%| F|  |TAMS 0x000000070a800000, 0x000000070a800000| Untracked 
|  44|0x000000070aa00000, 0x000000070aa00000, 0x000000070ac00000|  0%| F|  |TAMS 0x000000070aa00000, 0x000000070aa00000| Untracked 
|  45|0x000000070ac00000, 0x000000070ac00000, 0x000000070ae00000|  0%| F|  |TAMS 0x000000070ac00000, 0x000000070ac00000| Untracked 
|  46|0x000000070ae00000, 0x000000070ae00000, 0x000000070b000000|  0%| F|  |TAMS 0x000000070ae00000, 0x000000070ae00000| Untracked 
|  47|0x000000070b000000, 0x000000070b000000, 0x000000070b200000|  0%| F|  |TAMS 0x000000070b000000, 0x000000070b000000| Untracked 
|  48|0x000000070b200000, 0x000000070b200000, 0x000000070b400000|  0%| F|  |TAMS 0x000000070b200000, 0x000000070b200000| Untracked 
|  49|0x000000070b400000, 0x000000070b400000, 0x000000070b600000|  0%| F|  |TAMS 0x000000070b400000, 0x000000070b400000| Untracked 
|  50|0x000000070b600000, 0x000000070b600000, 0x000000070b800000|  0%| F|  |TAMS 0x000000070b600000, 0x000000070b600000| Untracked 
|  51|0x000000070b800000, 0x000000070b800000, 0x000000070ba00000|  0%| F|  |TAMS 0x000000070b800000, 0x000000070b800000| Untracked 
|  52|0x000000070ba00000, 0x000000070ba00000, 0x000000070bc00000|  0%| F|  |TAMS 0x000000070ba00000, 0x000000070ba00000| Untracked 
|  53|0x000000070bc00000, 0x000000070bc00000, 0x000000070be00000|  0%| F|  |TAMS 0x000000070bc00000, 0x000000070bc00000| Untracked 
|  54|0x000000070be00000, 0x000000070be00000, 0x000000070c000000|  0%| F|  |TAMS 0x000000070be00000, 0x000000070be00000| Untracked 
|  55|0x000000070c000000, 0x000000070c000000, 0x000000070c200000|  0%| F|  |TAMS 0x000000070c000000, 0x000000070c000000| Untracked 
|  56|0x000000070c200000, 0x000000070c200000, 0x000000070c400000|  0%| F|  |TAMS 0x000000070c200000, 0x000000070c200000| Untracked 
|  57|0x000000070c400000, 0x000000070c400000, 0x000000070c600000|  0%| F|  |TAMS 0x000000070c400000, 0x000000070c400000| Untracked 
|  58|0x000000070c600000, 0x000000070c600000, 0x000000070c800000|  0%| F|  |TAMS 0x000000070c600000, 0x000000070c600000| Untracked 
|  59|0x000000070c800000, 0x000000070c800000, 0x000000070ca00000|  0%| F|  |TAMS 0x000000070c800000, 0x000000070c800000| Untracked 
|  60|0x000000070ca00000, 0x000000070ca00000, 0x000000070cc00000|  0%| F|  |TAMS 0x000000070ca00000, 0x000000070ca00000| Untracked 
|  61|0x000000070cc00000, 0x000000070cc00000, 0x000000070ce00000|  0%| F|  |TAMS 0x000000070cc00000, 0x000000070cc00000| Untracked 
|  62|0x000000070ce00000, 0x000000070ce00000, 0x000000070d000000|  0%| F|  |TAMS 0x000000070ce00000, 0x000000070ce00000| Untracked 
|  63|0x000000070d000000, 0x000000070d000000, 0x000000070d200000|  0%| F|  |TAMS 0x000000070d000000, 0x000000070d000000| Untracked 
|  64|0x000000070d200000, 0x000000070d200000, 0x000000070d400000|  0%| F|  |TAMS 0x000000070d200000, 0x000000070d200000| Untracked 
|  65|0x000000070d400000, 0x000000070d400000, 0x000000070d600000|  0%| F|  |TAMS 0x000000070d400000, 0x000000070d400000| Untracked 
|  66|0x000000070d600000, 0x000000070d600000, 0x000000070d800000|  0%| F|  |TAMS 0x000000070d600000, 0x000000070d600000| Untracked 
|  67|0x000000070d800000, 0x000000070d800000, 0x000000070da00000|  0%| F|  |TAMS 0x000000070d800000, 0x000000070d800000| Untracked 
|  68|0x000000070da00000, 0x000000070da00000, 0x000000070dc00000|  0%| F|  |TAMS 0x000000070da00000, 0x000000070da00000| Untracked 
|  69|0x000000070dc00000, 0x000000070dc00000, 0x000000070de00000|  0%| F|  |TAMS 0x000000070dc00000, 0x000000070dc00000| Untracked 
|  70|0x000000070de00000, 0x000000070de00000, 0x000000070e000000|  0%| F|  |TAMS 0x000000070de00000, 0x000000070de00000| Untracked 
|  71|0x000000070e000000, 0x000000070e000000, 0x000000070e200000|  0%| F|  |TAMS 0x000000070e000000, 0x000000070e000000| Untracked 
|  72|0x000000070e200000, 0x000000070e200000, 0x000000070e400000|  0%| F|  |TAMS 0x000000070e200000, 0x000000070e200000| Untracked 
|  73|0x000000070e400000, 0x000000070e400000, 0x000000070e600000|  0%| F|  |TAMS 0x000000070e400000, 0x000000070e400000| Untracked 
|  74|0x000000070e600000, 0x000000070e600000, 0x000000070e800000|  0%| F|  |TAMS 0x000000070e600000, 0x000000070e600000| Untracked 
|  75|0x000000070e800000, 0x000000070e800000, 0x000000070ea00000|  0%| F|  |TAMS 0x000000070e800000, 0x000000070e800000| Untracked 
|  76|0x000000070ea00000, 0x000000070ea00000, 0x000000070ec00000|  0%| F|  |TAMS 0x000000070ea00000, 0x000000070ea00000| Untracked 
|  77|0x000000070ec00000, 0x000000070ec00000, 0x000000070ee00000|  0%| F|  |TAMS 0x000000070ec00000, 0x000000070ec00000| Untracked 
|  78|0x000000070ee00000, 0x000000070ee00000, 0x000000070f000000|  0%| F|  |TAMS 0x000000070ee00000, 0x000000070ee00000| Untracked 
|  79|0x000000070f000000, 0x000000070f000000, 0x000000070f200000|  0%| F|  |TAMS 0x000000070f000000, 0x000000070f000000| Untracked 
|  80|0x000000070f200000, 0x000000070f200000, 0x000000070f400000|  0%| F|  |TAMS 0x000000070f200000, 0x000000070f200000| Untracked 
|  81|0x000000070f400000, 0x000000070f400000, 0x000000070f600000|  0%| F|  |TAMS 0x000000070f400000, 0x000000070f400000| Untracked 
|  82|0x000000070f600000, 0x000000070f600000, 0x000000070f800000|  0%| F|  |TAMS 0x000000070f600000, 0x000000070f600000| Untracked 
|  83|0x000000070f800000, 0x000000070f800000, 0x000000070fa00000|  0%| F|  |TAMS 0x000000070f800000, 0x000000070f800000| Untracked 
|  84|0x000000070fa00000, 0x000000070fa00000, 0x000000070fc00000|  0%| F|  |TAMS 0x000000070fa00000, 0x000000070fa00000| Untracked 
|  85|0x000000070fc00000, 0x000000070fc00000, 0x000000070fe00000|  0%| F|  |TAMS 0x000000070fc00000, 0x000000070fc00000| Untracked 
|  86|0x000000070fe00000, 0x000000070fe00000, 0x0000000710000000|  0%| F|  |TAMS 0x000000070fe00000, 0x000000070fe00000| Untracked 
|  87|0x0000000710000000, 0x0000000710000000, 0x0000000710200000|  0%| F|  |TAMS 0x0000000710000000, 0x0000000710000000| Untracked 
|  88|0x0000000710200000, 0x0000000710200000, 0x0000000710400000|  0%| F|  |TAMS 0x0000000710200000, 0x0000000710200000| Untracked 
|  89|0x0000000710400000, 0x0000000710400000, 0x0000000710600000|  0%| F|  |TAMS 0x0000000710400000, 0x0000000710400000| Untracked 
|  90|0x0000000710600000, 0x0000000710600000, 0x0000000710800000|  0%| F|  |TAMS 0x0000000710600000, 0x0000000710600000| Untracked 
|  91|0x0000000710800000, 0x0000000710800000, 0x0000000710a00000|  0%| F|  |TAMS 0x0000000710800000, 0x0000000710800000| Untracked 
|  92|0x0000000710a00000, 0x0000000710a00000, 0x0000000710c00000|  0%| F|  |TAMS 0x0000000710a00000, 0x0000000710a00000| Untracked 
|  93|0x0000000710c00000, 0x0000000710c00000, 0x0000000710e00000|  0%| F|  |TAMS 0x0000000710c00000, 0x0000000710c00000| Untracked 
|  94|0x0000000710e00000, 0x0000000710e00000, 0x0000000711000000|  0%| F|  |TAMS 0x0000000710e00000, 0x0000000710e00000| Untracked 
|  95|0x0000000711000000, 0x0000000711000000, 0x0000000711200000|  0%| F|  |TAMS 0x0000000711000000, 0x0000000711000000| Untracked 
|  96|0x0000000711200000, 0x0000000711200000, 0x0000000711400000|  0%| F|  |TAMS 0x0000000711200000, 0x0000000711200000| Untracked 
|  97|0x0000000711400000, 0x0000000711400000, 0x0000000711600000|  0%| F|  |TAMS 0x0000000711400000, 0x0000000711400000| Untracked 
|  98|0x0000000711600000, 0x0000000711600000, 0x0000000711800000|  0%| F|  |TAMS 0x0000000711600000, 0x0000000711600000| Untracked 
|  99|0x0000000711800000, 0x0000000711800000, 0x0000000711a00000|  0%| F|  |TAMS 0x0000000711800000, 0x0000000711800000| Untracked 
| 100|0x0000000711a00000, 0x0000000711a00000, 0x0000000711c00000|  0%| F|  |TAMS 0x0000000711a00000, 0x0000000711a00000| Untracked 
| 101|0x0000000711c00000, 0x0000000711c00000, 0x0000000711e00000|  0%| F|  |TAMS 0x0000000711c00000, 0x0000000711c00000| Untracked 
| 102|0x0000000711e00000, 0x0000000711e00000, 0x0000000712000000|  0%| F|  |TAMS 0x0000000711e00000, 0x0000000711e00000| Untracked 
| 103|0x0000000712000000, 0x0000000712000000, 0x0000000712200000|  0%| F|  |TAMS 0x0000000712000000, 0x0000000712000000| Untracked 
| 104|0x0000000712200000, 0x0000000712200000, 0x0000000712400000|  0%| F|  |TAMS 0x0000000712200000, 0x0000000712200000| Untracked 
| 105|0x0000000712400000, 0x0000000712400000, 0x0000000712600000|  0%| F|  |TAMS 0x0000000712400000, 0x0000000712400000| Untracked 
| 106|0x0000000712600000, 0x0000000712600000, 0x0000000712800000|  0%| F|  |TAMS 0x0000000712600000, 0x0000000712600000| Untracked 
| 107|0x0000000712800000, 0x0000000712800000, 0x0000000712a00000|  0%| F|  |TAMS 0x0000000712800000, 0x0000000712800000| Untracked 
| 108|0x0000000712a00000, 0x0000000712a00000, 0x0000000712c00000|  0%| F|  |TAMS 0x0000000712a00000, 0x0000000712a00000| Untracked 
| 109|0x0000000712c00000, 0x0000000712c00000, 0x0000000712e00000|  0%| F|  |TAMS 0x0000000712c00000, 0x0000000712c00000| Untracked 
| 110|0x0000000712e00000, 0x0000000712e00000, 0x0000000713000000|  0%| F|  |TAMS 0x0000000712e00000, 0x0000000712e00000| Untracked 
| 111|0x0000000713000000, 0x0000000713000000, 0x0000000713200000|  0%| F|  |TAMS 0x0000000713000000, 0x0000000713000000| Untracked 
| 112|0x0000000713200000, 0x0000000713200000, 0x0000000713400000|  0%| F|  |TAMS 0x0000000713200000, 0x0000000713200000| Untracked 
| 113|0x0000000713400000, 0x0000000713600000, 0x0000000713600000|100%| S|CS|TAMS 0x0000000713400000, 0x0000000713400000| Complete 
| 114|0x0000000713600000, 0x0000000713800000, 0x0000000713800000|100%| S|CS|TAMS 0x0000000713600000, 0x0000000713600000| Complete 
| 115|0x0000000713800000, 0x0000000713800000, 0x0000000713a00000|  0%| F|  |TAMS 0x0000000713800000, 0x0000000713800000| Untracked 
| 116|0x0000000713a00000, 0x0000000713a00000, 0x0000000713c00000|  0%| F|  |TAMS 0x0000000713a00000, 0x0000000713a00000| Untracked 
| 117|0x0000000713c00000, 0x0000000713c00000, 0x0000000713e00000|  0%| F|  |TAMS 0x0000000713c00000, 0x0000000713c00000| Untracked 
| 118|0x0000000713e00000, 0x0000000713f336a0, 0x0000000714000000| 60%| E|  |TAMS 0x0000000713e00000, 0x0000000713e00000| Complete 
| 119|0x0000000714000000, 0x0000000714200000, 0x0000000714200000|100%| E|CS|TAMS 0x0000000714000000, 0x0000000714000000| Complete 
| 120|0x0000000714200000, 0x0000000714400000, 0x0000000714400000|100%| E|CS|TAMS 0x0000000714200000, 0x0000000714200000| Complete 
| 121|0x0000000714400000, 0x0000000714600000, 0x0000000714600000|100%| E|CS|TAMS 0x0000000714400000, 0x0000000714400000| Complete 
| 122|0x0000000714600000, 0x0000000714800000, 0x0000000714800000|100%| E|CS|TAMS 0x0000000714600000, 0x0000000714600000| Complete 
| 123|0x0000000714800000, 0x0000000714a00000, 0x0000000714a00000|100%| E|CS|TAMS 0x0000000714800000, 0x0000000714800000| Complete 
| 124|0x0000000714a00000, 0x0000000714c00000, 0x0000000714c00000|100%| E|CS|TAMS 0x0000000714a00000, 0x0000000714a00000| Complete 
| 125|0x0000000714c00000, 0x0000000714e00000, 0x0000000714e00000|100%| E|CS|TAMS 0x0000000714c00000, 0x0000000714c00000| Complete 

Card table byte_map: [0x00000264f93d0000,0x00000264f9bb0000] _byte_map_base: 0x00000264f5ba7000

Marking Bits (Prev, Next): (CMBitMap*) 0x00000264dff45350, (CMBitMap*) 0x00000264dff45390
 Prev Bits: [0x00000264fa390000, 0x00000264fe248000)
 Next Bits: [0x0000026480000000, 0x0000026483eb8000)

Polling page: 0x00000264dffb0000

Metaspace:

Usage:
  Non-class:     11.98 MB used.
      Class:      1.70 MB used.
       Both:     13.69 MB used.

Virtual space:
  Non-class space:       64.00 MB reserved,      12.12 MB ( 19%) committed,  1 nodes.
      Class space:        1.00 GB reserved,       1.81 MB ( <1%) committed,  1 nodes.
             Both:        1.06 GB reserved,      13.94 MB (  1%) committed. 

Chunk freelists:
   Non-Class:  3.22 MB
       Class:  14.14 MB
        Both:  17.36 MB

MaxMetaspaceSize: unlimited
CompressedClassSpaceSize: 1.00 GB
Initial GC threshold: 21.00 MB
Current GC threshold: 21.00 MB
CDS: on
MetaspaceReclaimPolicy: balanced
 - commit_granule_bytes: 65536.
 - commit_granule_words: 8192.
 - virtual_space_node_default_size: 8388608.
 - enlarge_chunks_in_place: 1.
 - new_chunks_are_fully_committed: 0.
 - uncommit_free_chunks: 1.
 - use_allocation_guard: 0.
 - handle_deallocations: 1.


Internal statistics:

num_allocs_failed_limit: 0.
num_arena_births: 216.
num_arena_deaths: 0.
num_vsnodes_births: 2.
num_vsnodes_deaths: 0.
num_space_committed: 223.
num_space_uncommitted: 0.
num_chunks_returned_to_freelist: 0.
num_chunks_taken_from_freelist: 539.
num_chunk_merges: 0.
num_chunk_splits: 337.
num_chunks_enlarged: 236.
num_purges: 0.
num_inconsistent_stats: 0.

CodeHeap 'non-profiled nmethods': size=120000Kb used=531Kb max_used=531Kb free=119468Kb
 bounds [0x00000264f0a30000, 0x00000264f0ca0000, 0x00000264f7f60000]
CodeHeap 'profiled nmethods': size=120000Kb used=3296Kb max_used=3296Kb free=116703Kb
 bounds [0x00000264e8f60000, 0x00000264e92a0000, 0x00000264f0490000]
CodeHeap 'non-nmethods': size=5760Kb used=1232Kb max_used=1246Kb free=4527Kb
 bounds [0x00000264f0490000, 0x00000264f0700000, 0x00000264f0a30000]
 total_blobs=2273 nmethods=1739 adapters=446
 compilation: enabled
              stopped_count=0, restarted_count=0
 full_count=0

Compilation events (20 events):
Event: 1.759 Thread 0x00000264fef8f000 1729       3       org.openqa.selenium.SharedCapabilitiesMethods$$Lambda$482/0x00000264871d1400::compare (12 bytes)
Event: 1.759 Thread 0x00000264fef8f000 nmethod 1729 0x00000264e9293210 code [0x00000264e92933c0, 0x00000264e9293708]
Event: 1.760 Thread 0x00000264fef8f000 1731       3       java.lang.AbstractStringBuilder::checkRange (63 bytes)
Event: 1.761 Thread 0x00000264fef8f000 nmethod 1731 0x00000264e9293810 code [0x00000264e9293aa0, 0x00000264e92943f8]
Event: 1.761 Thread 0x00000264fef8f000 1732       3       java.util.LinkedHashMap$LinkedEntryIterator::next (5 bytes)
Event: 1.761 Thread 0x00000264fef8f000 nmethod 1732 0x00000264e9294790 code [0x00000264e9294940, 0x00000264e9294ac8]
Event: 1.761 Thread 0x00000264fef8f000 1733       3       java.util.LinkedHashMap$LinkedEntryIterator::next (5 bytes)
Event: 1.761 Thread 0x00000264fef8f000 nmethod 1733 0x00000264e9294b90 code [0x00000264e9294d20, 0x00000264e9294e68]
Event: 1.764 Thread 0x00000264fef8f000 1735       3       java.net.URI$Parser::at (23 bytes)
Event: 1.764 Thread 0x00000264fef8f000 nmethod 1735 0x00000264e9294f10 code [0x00000264e9295100, 0x00000264e9295738]
Event: 1.764 Thread 0x00000264fef8f000 1737       3       jdk.internal.misc.Unsafe::getAndAddLong (27 bytes)
Event: 1.764 Thread 0x00000264fef8f000 nmethod 1737 0x00000264e9295a10 code [0x00000264e9295bc0, 0x00000264e9295e08]
Event: 1.764 Thread 0x00000264fef8f000 1738       3       java.lang.Math::floorDiv (31 bytes)
Event: 1.764 Thread 0x00000264fef8f000 nmethod 1738 0x00000264e9295f10 code [0x00000264e92960a0, 0x00000264e9296278]
Event: 1.764 Thread 0x00000264fef8f000 1734       3       java.lang.AbstractStringBuilder::appendChars (207 bytes)
Event: 1.765 Thread 0x00000264fef8f000 nmethod 1734 0x00000264e9296310 code [0x00000264e92965c0, 0x00000264e9297568]
Event: 1.765 Thread 0x00000264fef8f000 1740       3       java.util.ImmutableCollections$List12::<init> (20 bytes)
Event: 1.765 Thread 0x00000264fef8f000 nmethod 1740 0x00000264e9297b10 code [0x00000264e9297ce0, 0x00000264e92981a8]
Event: 1.765 Thread 0x00000264fef8f000 1739       1       java.util.logging.Level::intValue (5 bytes)
Event: 1.765 Thread 0x00000264fef8f000 nmethod 1739 0x00000264f0ab4a90 code [0x00000264f0ab4c20, 0x00000264f0ab4cf8]

GC Heap History (2 events):
Event: 0.898 GC heap before
{Heap before GC invocations=0 (full 0):
 garbage-first heap   total 258048K, used 26624K [0x0000000705200000, 0x0000000800000000)
  region size 2048K, 11 young (22528K), 0 survivors (0K)
 Metaspace       used 9476K, committed 9728K, reserved 1114112K
  class space    used 1135K, committed 1216K, reserved 1048576K
}
Event: 0.903 GC heap after
{Heap after GC invocations=1 (full 0):
 garbage-first heap   total 258048K, used 8192K [0x0000000705200000, 0x0000000800000000)
  region size 2048K, 2 young (4096K), 2 survivors (4096K)
 Metaspace       used 9476K, committed 9728K, reserved 1114112K
  class space    used 1135K, committed 1216K, reserved 1048576K
}

Deoptimization events (20 events):
Event: 0.968 Thread 0x00000264dfed9290 DEOPT PACKING pc=0x00000264f0a98c34 sp=0x000000c4e56fc170
Event: 0.968 Thread 0x00000264dfed9290 DEOPT UNPACKING pc=0x00000264f04e23a3 sp=0x000000c4e56fc0f8 mode 2
Event: 0.968 Thread 0x00000264dfed9290 Uncommon trap: trap_request=0xffffffde fr.pc=0x00000264f0a98c34 relative=0x0000000000000114
Event: 0.968 Thread 0x00000264dfed9290 Uncommon trap: reason=class_check action=maybe_recompile pc=0x00000264f0a98c34 method=jdk.internal.misc.Unsafe.allocateUninitializedArray(Ljava/lang/Class;I)Ljava/lang/Object; @ 51 c2
Event: 0.968 Thread 0x00000264dfed9290 DEOPT PACKING pc=0x00000264f0a98c34 sp=0x000000c4e56fbf80
Event: 0.968 Thread 0x00000264dfed9290 DEOPT UNPACKING pc=0x00000264f04e23a3 sp=0x000000c4e56fbf08 mode 2
Event: 0.969 Thread 0x00000264dfed9290 Uncommon trap: trap_request=0xffffffde fr.pc=0x00000264f0a98c34 relative=0x0000000000000114
Event: 0.969 Thread 0x00000264dfed9290 Uncommon trap: reason=class_check action=maybe_recompile pc=0x00000264f0a98c34 method=jdk.internal.misc.Unsafe.allocateUninitializedArray(Ljava/lang/Class;I)Ljava/lang/Object; @ 51 c2
Event: 0.969 Thread 0x00000264dfed9290 DEOPT PACKING pc=0x00000264f0a98c34 sp=0x000000c4e56fbcd0
Event: 0.969 Thread 0x00000264dfed9290 DEOPT UNPACKING pc=0x00000264f04e23a3 sp=0x000000c4e56fbc58 mode 2
Event: 1.025 Thread 0x00000264fef88d60 Uncommon trap: trap_request=0xffffff45 fr.pc=0x00000264f0a785cc relative=0x0000000000000f2c
Event: 1.025 Thread 0x00000264fef88d60 Uncommon trap: reason=unstable_if action=reinterpret pc=0x00000264f0a785cc method=java.util.concurrent.ConcurrentHashMap.putVal(Ljava/lang/Object;Ljava/lang/Object;Z)Ljava/lang/Object; @ 256 c2
Event: 1.025 Thread 0x00000264fef88d60 DEOPT PACKING pc=0x00000264f0a785cc sp=0x000000c4e60fe930
Event: 1.025 Thread 0x00000264fef88d60 DEOPT UNPACKING pc=0x00000264f04e23a3 sp=0x000000c4e60fe8a8 mode 2
Event: 1.693 Thread 0x00000264dfed9290 Uncommon trap: trap_request=0xffffff45 fr.pc=0x00000264f0a7f2bc relative=0x000000000000129c
Event: 1.693 Thread 0x00000264dfed9290 Uncommon trap: reason=unstable_if action=reinterpret pc=0x00000264f0a7f2bc method=java.util.HashMap.putVal(ILjava/lang/Object;Ljava/lang/Object;ZZ)Ljava/lang/Object; @ 81 c2
Event: 1.693 Thread 0x00000264dfed9290 DEOPT PACKING pc=0x00000264f0a7f2bc sp=0x000000c4e56fd260
Event: 1.693 Thread 0x00000264dfed9290 DEOPT UNPACKING pc=0x00000264f04e23a3 sp=0x000000c4e56fd1b8 mode 2
Event: 1.710 Thread 0x00000264dfed9290 DEOPT PACKING pc=0x00000264e90576bb sp=0x000000c4e56fd410
Event: 1.710 Thread 0x00000264dfed9290 DEOPT UNPACKING pc=0x00000264f04e2b43 sp=0x000000c4e56fc870 mode 0

Classes unloaded (0 events):
No events

Classes redefined (0 events):
No events

Internal exceptions (20 events):
Event: 0.782 Thread 0x00000264dfed9290 Exception <a 'java/lang/NoSuchMethodError'{0x0000000713d96328}: 'java.lang.Object java.lang.invoke.DirectMethodHandle$Holder.invokeStaticInit(java.lang.Object, int, int, int, int)'> (0x0000000713d96328) 
thrown [s\open\src\hotspot\share\interpreter\linkResolver.cpp, line 759]
Event: 0.816 Thread 0x00000264dfed9290 Exception <a 'java/lang/NoSuchMethodError'{0x0000000713a5e668}: 'java.lang.Object java.lang.invoke.DirectMethodHandle$Holder.invokeStaticInit(java.lang.Object, java.lang.Object, int, int, int, int)'> (0x0000000713a5e668) 
thrown [s\open\src\hotspot\share\interpreter\linkResolver.cpp, line 759]
Event: 0.879 Thread 0x00000264dfed9290 Exception <a 'java/lang/NoSuchMethodError'{0x000000071388cc90}: 'java.lang.Object java.lang.invoke.DirectMethodHandle$Holder.invokeInterface(java.lang.Object, java.lang.Object, java.lang.Object)'> (0x000000071388cc90) 
thrown [s\open\src\hotspot\share\interpreter\linkResolver.cpp, line 759]
Event: 0.879 Thread 0x00000264dfed9290 Exception <a 'java/lang/IncompatibleClassChangeError'{0x0000000713890358}: Found class java.lang.Object, but interface was expected> (0x0000000713890358) 
thrown [s\open\src\hotspot\share\interpreter\linkResolver.cpp, line 826]
Event: 0.880 Thread 0x00000264dfed9290 Exception <a 'java/lang/NoSuchMethodError'{0x0000000713898800}: 'int java.lang.invoke.DirectMethodHandle$Holder.invokeSpecialIFC(java.lang.Object, java.lang.Object, java.lang.Object, java.lang.Object)'> (0x0000000713898800) 
thrown [s\open\src\hotspot\share\interpreter\linkResolver.cpp, line 759]
Event: 0.884 Thread 0x00000264dfed9290 Exception <a 'java/lang/NoSuchMethodError'{0x00000007138fbff0}: 'java.lang.Object java.lang.invoke.DirectMethodHandle$Holder.invokeVirtual(java.lang.Object, java.lang.Object, java.lang.Object, java.lang.Object)'> (0x00000007138fbff0) 
thrown [s\open\src\hotspot\share\interpreter\linkResolver.cpp, line 759]
Event: 0.909 Thread 0x00000264cba9b930 Exception <a 'java/net/ConnectException'{0x0000000714c08690}: Connection refused: no further information> (0x0000000714c08690) 
thrown [s\open\src\hotspot\share\prims\jni.cpp, line 535]
Event: 0.909 Thread 0x00000264cba9b930 Exception <a 'java/net/SocketException'{0x0000000714c089c8}: Socket is not connected: shutdown> (0x0000000714c089c8) 
thrown [s\open\src\hotspot\share\prims\jni.cpp, line 535]
Event: 0.920 Thread 0x00000264cba9b930 Exception <a 'java/net/ConnectException'{0x0000000714c09940}: Connection refused: no further information> (0x0000000714c09940) 
thrown [s\open\src\hotspot\share\prims\jni.cpp, line 535]
Event: 0.920 Thread 0x00000264cba9b930 Exception <a 'java/net/SocketException'{0x0000000714c09c78}: Socket is not connected: shutdown> (0x0000000714c09c78) 
thrown [s\open\src\hotspot\share\prims\jni.cpp, line 535]
Event: 0.971 Thread 0x00000264dfed9290 Exception <a 'java/lang/NoSuchMethodError'{0x0000000714a56c48}: 'java.lang.Object java.lang.invoke.DirectMethodHandle$Holder.newInvokeSpecial(java.lang.Object, java.lang.Object, int, int)'> (0x0000000714a56c48) 
thrown [s\open\src\hotspot\share\interpreter\linkResolver.cpp, line 759]
Event: 0.972 Thread 0x00000264dfed9290 Exception <a 'java/lang/NoSuchMethodError'{0x0000000714a61990}: 'void java.lang.invoke.DirectMethodHandle$Holder.invokeStatic(java.lang.Object, java.lang.Object, int)'> (0x0000000714a61990) 
thrown [s\open\src\hotspot\share\interpreter\linkResolver.cpp, line 759]
Event: 1.016 Thread 0x00000264dfed9290 Exception <a 'java/lang/NoSuchMethodError'{0x00000007149a11a0}: 'void java.lang.invoke.DirectMethodHandle$Holder.invokeSpecial(java.lang.Object, java.lang.Object, java.lang.Object)'> (0x00000007149a11a0) 
thrown [s\open\src\hotspot\share\interpreter\linkResolver.cpp, line 759]
Event: 1.044 Thread 0x00000264cbb03800 Exception <a 'java/lang/NoSuchMethodError'{0x00000007144253c0}: 'java.lang.Object java.lang.invoke.DirectMethodHandle$Holder.invokeSpecial(java.lang.Object, java.lang.Object, java.lang.Object, java.lang.Object, int)'> (0x00000007144253c0) 
thrown [s\open\src\hotspot\share\interpreter\linkResolver.cpp, line 759]
Event: 1.044 Thread 0x00000264cbb03800 Exception <a 'java/lang/NoSuchMethodError'{0x0000000714428f88}: 'java.lang.Object java.lang.invoke.Invokers$Holder.linkToTargetMethod(java.lang.Object, java.lang.Object, int, java.lang.Object)'> (0x0000000714428f88) 
thrown [s\open\src\hotspot\share\interpreter\linkResolver.cpp, line 759]
Event: 1.053 Thread 0x00000264cbb03800 Exception <a 'java/lang/NoSuchMethodError'{0x000000071447b448}: 'void java.lang.invoke.DirectMethodHandle$Holder.invokeSpecial(java.lang.Object, java.lang.Object, java.lang.Object, java.lang.Object, java.lang.Object)'> (0x000000071447b448) 
thrown [s\open\src\hotspot\share\interpreter\linkResolver.cpp, line 759]
Event: 1.665 Thread 0x00000264cbb03800 Exception <a 'java/lang/NoSuchMethodError'{0x00000007145c5178}: 'void java.lang.invoke.DirectMethodHandle$Holder.invokeSpecial(java.lang.Object, java.lang.Object, java.lang.Object, java.lang.Object, java.lang.Object, java.lang.Object, java.lang.Object)'> (0x00000007145c5178) 
thrown [s\open\src\hotspot\share\interpreter\linkResolver.cpp, line 759]
Event: 1.688 Thread 0x00000264dfed9290 Exception <a 'java/lang/NoSuchMethodError'{0x00000007143406a8}: 'java.lang.Object java.lang.invoke.DirectMethodHandle$Holder.invokeSpecialIFC(java.lang.Object, java.lang.Object, java.lang.Object)'> (0x00000007143406a8) 
thrown [s\open\src\hotspot\share\interpreter\linkResolver.cpp, line 759]
Event: 1.746 Thread 0x00000264dfed9290 Exception <a 'java/lang/NoSuchMethodError'{0x0000000713e35b28}: 'java.lang.Object java.lang.invoke.DirectMethodHandle$Holder.invokeStatic(java.lang.Object, int, java.lang.Object)'> (0x0000000713e35b28) 
thrown [s\open\src\hotspot\share\interpreter\linkResolver.cpp, line 759]
Event: 1.750 Thread 0x00000264dfed9290 Exception <a 'java/lang/ClassNotFoundException'{0x0000000713e4db60}: sun/util/logging/resources/spi/loggingProvider> (0x0000000713e4db60) 
thrown [s\open\src\hotspot\share\classfile\systemDictionary.cpp, line 256]

VM Operations (20 events):
Event: 0.311 Executing VM operation: HandshakeAllThreads
Event: 0.311 Executing VM operation: HandshakeAllThreads done
Event: 0.314 Executing VM operation: HandshakeAllThreads
Event: 0.314 Executing VM operation: HandshakeAllThreads done
Event: 0.672 Executing VM operation: HandshakeAllThreads
Event: 0.672 Executing VM operation: HandshakeAllThreads done
Event: 0.741 Executing VM operation: HandshakeAllThreads
Event: 0.741 Executing VM operation: HandshakeAllThreads done
Event: 0.767 Executing VM operation: ICBufferFull
Event: 0.767 Executing VM operation: ICBufferFull done
Event: 0.823 Executing VM operation: HandshakeAllThreads
Event: 0.823 Executing VM operation: HandshakeAllThreads done
Event: 0.898 Executing VM operation: G1CollectForAllocation
Event: 0.903 Executing VM operation: G1CollectForAllocation done
Event: 0.953 Executing VM operation: HandshakeAllThreads
Event: 0.953 Executing VM operation: HandshakeAllThreads done
Event: 0.954 Executing VM operation: HandshakeAllThreads
Event: 0.954 Executing VM operation: HandshakeAllThreads done
Event: 1.015 Executing VM operation: HandshakeAllThreads
Event: 1.015 Executing VM operation: HandshakeAllThreads done

Events (20 events):
Event: 1.750 loading class java/util/ResourceBundle$CacheKeyReference done
Event: 1.750 loading class java/util/ResourceBundle$KeyElementReference done
Event: 1.750 loading class java/util/ResourceBundle$3
Event: 1.750 loading class java/util/ResourceBundle$3 done
Event: 1.750 loading class sun/util/logging/resources/logging
Event: 1.750 loading class sun/util/logging/resources/logging done
Event: 1.750 loading class java/util/ResourceBundle$BundleReference
Event: 1.750 loading class java/util/ResourceBundle$BundleReference done
Event: 1.750 loading class sun/util/logging/resources/logging_en
Event: 1.750 loading class sun/util/logging/resources/logging_en done
Event: 1.750 loading class sun/util/logging/resources/logging_en
Event: 1.750 loading class sun/util/logging/resources/logging_en done
Event: 1.751 loading class sun/util/logging/resources/logging_en_GB
Event: 1.751 loading class sun/util/logging/resources/logging_en_GB done
Event: 1.751 loading class sun/util/logging/resources/logging_en_GB
Event: 1.751 loading class sun/util/logging/resources/logging_en_GB done
Event: 1.751 loading class java/util/Formatter$DateTime
Event: 1.751 loading class java/util/Formatter$DateTime done
Event: 1.751 loading class java/time/ZonedDateTime$1
Event: 1.751 loading class java/time/ZonedDateTime$1 done


Dynamic libraries:
0x00007ff6a8ce0000 - 0x00007ff6a8cf0000 	C:\Program Files\Java\jdk-17\bin\java.exe
0x00007fffab6f0000 - 0x00007fffab907000 	C:\windows\SYSTEM32\ntdll.dll
0x00007fffaa570000 - 0x00007fffaa634000 	C:\windows\System32\KERNEL32.DLL
0x00007fffa8a60000 - 0x00007fffa8e05000 	C:\windows\System32\KERNELBASE.dll
0x00007fffa90a0000 - 0x00007fffa91b1000 	C:\windows\System32\ucrtbase.dll
0x00007fffa3680000 - 0x00007fffa3699000 	C:\Program Files\Java\jdk-17\bin\jli.dll
0x00007fffaa4b0000 - 0x00007fffaa561000 	C:\windows\System32\ADVAPI32.dll
0x00007fffaa910000 - 0x00007fffaa9b7000 	C:\windows\System32\msvcrt.dll
0x00007fffa95c0000 - 0x00007fffa9666000 	C:\windows\System32\sechost.dll
0x00007fffa9dc0000 - 0x00007fffa9ed7000 	C:\windows\System32\RPCRT4.dll
0x00007fffa3660000 - 0x00007fffa367b000 	C:\Program Files\Java\jdk-17\bin\VCRUNTIME140.dll
0x00007fffab470000 - 0x00007fffab61e000 	C:\windows\System32\USER32.dll
0x00007fffa91c0000 - 0x00007fffa91e6000 	C:\windows\System32\win32u.dll
0x00007fffaa640000 - 0x00007fffaa669000 	C:\windows\System32\GDI32.dll
0x00007fffa8e10000 - 0x00007fffa8f29000 	C:\windows\System32\gdi32full.dll
0x00007fffa92e0000 - 0x00007fffa937a000 	C:\windows\System32\msvcp_win.dll
0x00007fffa7c30000 - 0x00007fffa7ec3000 	C:\windows\WinSxS\amd64_microsoft.windows.common-controls_6595b64144ccf1df_6.0.22621.2506_none_270c5ae97388e100\COMCTL32.dll
0x00007fff9fa10000 - 0x00007fff9fa1a000 	C:\windows\SYSTEM32\VERSION.dll
0x00007fffaa9e0000 - 0x00007fffaaa11000 	C:\windows\System32\IMM32.DLL
0x00007fffa3650000 - 0x00007fffa365c000 	C:\Program Files\Java\jdk-17\bin\vcruntime140_1.dll
0x00007fff93790000 - 0x00007fff9381e000 	C:\Program Files\Java\jdk-17\bin\msvcp140.dll
0x00007fff31b60000 - 0x00007fff3273e000 	C:\Program Files\Java\jdk-17\bin\server\jvm.dll
0x00007fffaa030000 - 0x00007fffaa038000 	C:\windows\System32\PSAPI.DLL
0x00007fffa06f0000 - 0x00007fffa0724000 	C:\windows\SYSTEM32\WINMM.dll
0x00007fffa3600000 - 0x00007fffa3609000 	C:\windows\SYSTEM32\WSOCK32.dll
0x00007fffaa430000 - 0x00007fffaa4a1000 	C:\windows\System32\WS2_32.dll
0x00007fffa7100000 - 0x00007fffa7118000 	C:\windows\SYSTEM32\kernel.appcore.dll
0x00007fffa3640000 - 0x00007fffa364a000 	C:\Program Files\Java\jdk-17\bin\jimage.dll
0x00007fffa8380000 - 0x00007fffa85b3000 	C:\windows\SYSTEM32\DBGHELP.DLL
0x00007fffaa0a0000 - 0x00007fffaa429000 	C:\windows\System32\combase.dll
0x00007fffaa830000 - 0x00007fffaa907000 	C:\windows\System32\OLEAUT32.dll
0x00007fffa8240000 - 0x00007fffa8272000 	C:\windows\SYSTEM32\dbgcore.DLL
0x00007fffa9260000 - 0x00007fffa92da000 	C:\windows\System32\bcryptPrimitives.dll
0x00007fffa3630000 - 0x00007fffa363e000 	C:\Program Files\Java\jdk-17\bin\instrument.dll
0x00007fffa0a30000 - 0x00007fffa0a55000 	C:\Program Files\Java\jdk-17\bin\java.dll
0x00007fff93610000 - 0x00007fff936e7000 	C:\Program Files\Java\jdk-17\bin\jsvml.dll
0x00007fffaaa20000 - 0x00007fffab279000 	C:\windows\System32\SHELL32.dll
0x00007fffa60b0000 - 0x00007fffa69a4000 	C:\windows\SYSTEM32\windows.storage.dll
0x00007fffa5f70000 - 0x00007fffa60ae000 	C:\windows\SYSTEM32\wintypes.dll
0x00007fffa9670000 - 0x00007fffa9763000 	C:\windows\System32\SHCORE.dll
0x00007fffab410000 - 0x00007fffab46e000 	C:\windows\System32\shlwapi.dll
0x00007fffa8990000 - 0x00007fffa89b6000 	C:\windows\SYSTEM32\profapi.dll
0x00007fff95a20000 - 0x00007fff95a38000 	C:\Program Files\Java\jdk-17\bin\zip.dll
0x00007fffa0a10000 - 0x00007fffa0a29000 	C:\Program Files\Java\jdk-17\bin\net.dll
0x00007fffa1b30000 - 0x00007fffa1c67000 	C:\windows\SYSTEM32\WINHTTP.dll
0x00007fffa7600000 - 0x00007fffa7669000 	C:\windows\system32\mswsock.dll
0x00007fffa09f0000 - 0x00007fffa0a06000 	C:\Program Files\Java\jdk-17\bin\nio.dll
0x00007fff95a00000 - 0x00007fff95a1a000 	C:\Program Files\JetBrains\IntelliJ IDEA Community Edition 2023.2.2\bin\breakgen64.dll
0x00007fffa3620000 - 0x00007fffa3630000 	C:\Program Files\Java\jdk-17\bin\verify.dll
0x00007fffa6c80000 - 0x00007fffa6d79000 	C:\windows\SYSTEM32\DNSAPI.dll
0x00007fffa6c10000 - 0x00007fffa6c3d000 	C:\windows\SYSTEM32\IPHLPAPI.DLL
0x00007fffa9db0000 - 0x00007fffa9db9000 	C:\windows\System32\NSI.dll
0x00007fff9fcb0000 - 0x00007fff9fcba000 	C:\Windows\System32\rasadhlp.dll
0x00007fffa0100000 - 0x00007fffa0183000 	C:\windows\System32\fwpuclnt.dll
0x00007fffa8700000 - 0x00007fffa871b000 	C:\windows\SYSTEM32\CRYPTSP.dll
0x00007fffa7180000 - 0x00007fffa71b5000 	C:\windows\system32\rsaenh.dll
0x00007fffa7a30000 - 0x00007fffa7a5c000 	C:\windows\SYSTEM32\USERENV.dll
0x00007fffa8310000 - 0x00007fffa8338000 	C:\windows\SYSTEM32\bcrypt.dll
0x00007fffa7a60000 - 0x00007fffa7a6c000 	C:\windows\SYSTEM32\CRYPTBASE.dll
0x00007fffa1860000 - 0x00007fffa1879000 	C:\windows\SYSTEM32\dhcpcsvc6.DLL
0x00007fffa1300000 - 0x00007fffa131f000 	C:\windows\SYSTEM32\dhcpcsvc.DLL
0x00007fff938d0000 - 0x00007fff938de000 	C:\Program Files\Java\jdk-17\bin\sunmscapi.dll
0x00007fffa8f30000 - 0x00007fffa9096000 	C:\windows\System32\CRYPT32.dll
0x00007fffa7f10000 - 0x00007fffa7f3d000 	C:\windows\SYSTEM32\ncrypt.dll
0x00007fffa7ed0000 - 0x00007fffa7f07000 	C:\windows\SYSTEM32\NTASN1.dll
0x00007fff6ec90000 - 0x00007fff6ec98000 	C:\windows\system32\wshunix.dll

dbghelp: loaded successfully - version: 4.0.5 - missing functions: none
symbol engine: initialized successfully - sym options: 0x614 - pdb path: .;C:\Program Files\Java\jdk-17\bin;C:\windows\SYSTEM32;C:\windows\WinSxS\amd64_microsoft.windows.common-controls_6595b64144ccf1df_6.0.22621.2506_none_270c5ae97388e100;C:\Program Files\Java\jdk-17\bin\server;C:\Program Files\JetBrains\IntelliJ IDEA Community Edition 2023.2.2\bin

VM Arguments:
jvm_args: -ea -Didea.test.cyclic.buffer.size=1048576 -javaagent:C:\Program Files\JetBrains\IntelliJ IDEA Community Edition 2023.2.2\lib\idea_rt.jar=50572:C:\Program Files\JetBrains\IntelliJ IDEA Community Edition 2023.2.2\bin -Dfile.encoding=UTF-8 
java_command: com.intellij.rt.junit.JUnitStarter -ideVersion5 -junit4 desktops.DesktopsTest,verifyProductAddedToShoppingCartSuccessFully
java_class_path (initial): C:\Program Files\JetBrains\IntelliJ IDEA Community Edition 2023.2.2\lib\idea_rt.jar;C:\Program Files\JetBrains\IntelliJ IDEA Community Edition 2023.2.2\plugins\junit\lib\junit5-rt.jar;C:\Program Files\JetBrains\IntelliJ IDEA Community Edition 2023.2.2\plugins\junit\lib\junit-rt.jar;C:\Users\appat\IdeaProjects\com-tutorialsninja-sw-3\out\production\com-tutorialsninja-sw-3;C:\Users\appat\IdeaProjects\com-tutorialsninja-sw-3\jars\hamcrest-core-1.3.jar;C:\Users\appat\IdeaProjects\com-tutorialsninja-sw-3\jars\junit-4.13.2.jar;C:\Users\appat\IdeaProjects\com-tutorialsninja-sw-3\jars\selenium-server-4.15.0.jar
Launcher Type: SUN_STANDARD

[Global flags]
     intx CICompilerCount                          = 4                                         {product} {ergonomic}
     uint ConcGCThreads                            = 3                                         {product} {ergonomic}
     uint G1ConcRefinementThreads                  = 10                                        {product} {ergonomic}
   size_t G1HeapRegionSize                         = 2097152                                   {product} {ergonomic}
    uintx GCDrainStackTargetSize                   = 64                                        {product} {ergonomic}
   size_t InitialHeapSize                          = 264241152                                 {product} {ergonomic}
   size_t MarkStackSize                            = 4194304                                   {product} {ergonomic}
   size_t MaxHeapSize                              = 4208984064                                {product} {ergonomic}
   size_t MaxNewSize                               = 2524971008                                {product} {ergonomic}
   size_t MinHeapDeltaBytes                        = 2097152                                   {product} {ergonomic}
   size_t MinHeapSize                              = 8388608                                   {product} {ergonomic}
    uintx NonNMethodCodeHeapSize                   = 5839372                                {pd product} {ergonomic}
    uintx NonProfiledCodeHeapSize                  = 122909434                              {pd product} {ergonomic}
    uintx ProfiledCodeHeapSize                     = 122909434                              {pd product} {ergonomic}
    uintx ReservedCodeCacheSize                    = 251658240                              {pd product} {ergonomic}
     bool SegmentedCodeCache                       = true                                      {product} {ergonomic}
   size_t SoftMaxHeapSize                          = 4208984064                             {manageable} {ergonomic}
     bool UseCompressedClassPointers               = true                           {product lp64_product} {ergonomic}
     bool UseCompressedOops                        = true                           {product lp64_product} {ergonomic}
     bool UseG1GC                                  = true                                      {product} {ergonomic}
     bool UseLargePagesIndividualAllocation        = false                                  {pd product} {ergonomic}

Logging:
Log output configuration:
 #0: stdout all=warning uptime,level,tags
 #1: stderr all=off uptime,level,tags

Environment Variables:
JAVA_HOME=C:\Program Files\Java\jdk-17
PATH=C:\Program Files\Common Files\Oracle\Java\javapath;C:\windows\system32;C:\windows;C:\windows\System32\Wbem;C:\windows\System32\WindowsPowerShell\v1.0\;C:\windows\System32\OpenSSH\;C:\Program Files\Java\jdk-17\bin;C:\Program Files\Git\cmd;C:\Users\appat\AppData\Local\Microsoft\WindowsApps;
USERNAME=appat
OS=Windows_NT
PROCESSOR_IDENTIFIER=Intel64 Family 6 Model 154 Stepping 4, GenuineIntel



---------------  S Y S T E M  ---------------

OS:
 Windows 11 , 64 bit Build 22621 (10.0.22621.2506)
OS uptime: 0 days 23:46 hours
Hyper-V role detected

CPU: total 12 (initial active 12) (6 cores per cpu, 2 threads per core) family 6 model 154 stepping 4 microcode 0x42c, cx8, cmov, fxsr, ht, mmx, 3dnowpref, sse, sse2, sse3, ssse3, sse4.1, sse4.2, popcnt, lzcnt, tsc, tscinvbit, avx, avx2, aes, erms, clmul, bmi1, bmi2, adx, sha, fma, vzeroupper, clflush, clflushopt, clwb, hv

Memory: 4k page, system-wide physical 16055M (7679M free)
TotalPageFile size 17079M (AvailPageFile size 6621M)
current process WorkingSet (physical memory assigned to process): 105M, peak: 108M
current process commit charge ("private bytes"): 382M, peak: 384M

vm_info: Java HotSpot(TM) 64-Bit Server VM (17.0.8+9-LTS-211) for windows-amd64 JRE (17.0.8+9-LTS-211), built on Jun 14 2023 10:34:31 by "mach5one" with MS VC++ 17.1 (VS2022)

END.
